{"C:\\Users\\gonca\\Desktop\\UpSkill\\12-Computacao_em_nuvem\\gestor-tickets-webhooks-main\\server-main\\src\\controllers\\ticketsController.js": {"path":"C:\\Users\\gonca\\Desktop\\UpSkill\\12-Computacao_em_nuvem\\gestor-tickets-webhooks-main\\server-main\\src\\controllers\\ticketsController.js","statementMap":{"0":{"start":{"line":22,"column":28},"end":{"line":40,"column":1}},"1":{"start":{"line":23,"column":2},"end":{"line":39,"column":3}},"2":{"start":{"line":24,"column":23},"end":{"line":24,"column":31}},"3":{"start":{"line":26,"column":4},"end":{"line":28,"column":5}},"4":{"start":{"line":27,"column":6},"end":{"line":27,"column":71}},"5":{"start":{"line":30,"column":20},"end":{"line":30,"column":57}},"6":{"start":{"line":33,"column":4},"end":{"line":33,"column":67}},"7":{"start":{"line":35,"column":4},"end":{"line":35,"column":41}},"8":{"start":{"line":37,"column":4},"end":{"line":37,"column":56}},"9":{"start":{"line":38,"column":4},"end":{"line":38,"column":70}},"10":{"start":{"line":45,"column":26},"end":{"line":53,"column":1}},"11":{"start":{"line":46,"column":2},"end":{"line":52,"column":3}},"12":{"start":{"line":47,"column":19},"end":{"line":47,"column":53}},"13":{"start":{"line":48,"column":4},"end":{"line":48,"column":40}},"14":{"start":{"line":50,"column":4},"end":{"line":50,"column":58}},"15":{"start":{"line":51,"column":4},"end":{"line":51,"column":70}},"16":{"start":{"line":58,"column":29},"end":{"line":77,"column":1}},"17":{"start":{"line":59,"column":2},"end":{"line":76,"column":3}},"18":{"start":{"line":60,"column":15},"end":{"line":60,"column":36}},"19":{"start":{"line":62,"column":4},"end":{"line":64,"column":5}},"20":{"start":{"line":63,"column":6},"end":{"line":63,"column":68}},"21":{"start":{"line":66,"column":19},"end":{"line":66,"column":49}},"22":{"start":{"line":68,"column":4},"end":{"line":70,"column":5}},"23":{"start":{"line":69,"column":6},"end":{"line":69,"column":67}},"24":{"start":{"line":72,"column":4},"end":{"line":72,"column":40}},"25":{"start":{"line":74,"column":4},"end":{"line":74,"column":56}},"26":{"start":{"line":75,"column":4},"end":{"line":75,"column":69}},"27":{"start":{"line":83,"column":28},"end":{"line":118,"column":1}},"28":{"start":{"line":84,"column":2},"end":{"line":117,"column":3}},"29":{"start":{"line":85,"column":15},"end":{"line":85,"column":36}},"30":{"start":{"line":87,"column":4},"end":{"line":89,"column":5}},"31":{"start":{"line":88,"column":6},"end":{"line":88,"column":68}},"32":{"start":{"line":91,"column":23},"end":{"line":91,"column":31}},"33":{"start":{"line":93,"column":4},"end":{"line":95,"column":5}},"34":{"start":{"line":94,"column":6},"end":{"line":94,"column":71}},"35":{"start":{"line":97,"column":19},"end":{"line":97,"column":60}},"36":{"start":{"line":99,"column":4},"end":{"line":101,"column":5}},"37":{"start":{"line":100,"column":6},"end":{"line":100,"column":67}},"38":{"start":{"line":103,"column":20},"end":{"line":103,"column":32}},"39":{"start":{"line":106,"column":4},"end":{"line":111,"column":28}},"40":{"start":{"line":113,"column":4},"end":{"line":113,"column":41}},"41":{"start":{"line":115,"column":4},"end":{"line":115,"column":60}},"42":{"start":{"line":116,"column":4},"end":{"line":116,"column":70}},"43":{"start":{"line":124,"column":29},"end":{"line":149,"column":1}},"44":{"start":{"line":125,"column":2},"end":{"line":148,"column":3}},"45":{"start":{"line":126,"column":15},"end":{"line":126,"column":36}},"46":{"start":{"line":128,"column":4},"end":{"line":130,"column":5}},"47":{"start":{"line":129,"column":6},"end":{"line":129,"column":68}},"48":{"start":{"line":132,"column":21},"end":{"line":132,"column":51}},"49":{"start":{"line":134,"column":4},"end":{"line":136,"column":5}},"50":{"start":{"line":135,"column":6},"end":{"line":135,"column":67}},"51":{"start":{"line":139,"column":4},"end":{"line":139,"column":69}},"52":{"start":{"line":141,"column":4},"end":{"line":144,"column":7}},"53":{"start":{"line":146,"column":4},"end":{"line":146,"column":59}},"54":{"start":{"line":147,"column":4},"end":{"line":147,"column":71}},"55":{"start":{"line":154,"column":32},"end":{"line":162,"column":1}},"56":{"start":{"line":155,"column":2},"end":{"line":161,"column":3}},"57":{"start":{"line":156,"column":18},"end":{"line":156,"column":49}},"58":{"start":{"line":157,"column":4},"end":{"line":157,"column":39}},"59":{"start":{"line":159,"column":4},"end":{"line":159,"column":56}},"60":{"start":{"line":160,"column":4},"end":{"line":160,"column":78}},"61":{"start":{"line":167,"column":34},"end":{"line":175,"column":1}},"62":{"start":{"line":168,"column":2},"end":{"line":174,"column":3}},"63":{"start":{"line":169,"column":18},"end":{"line":169,"column":51}},"64":{"start":{"line":170,"column":4},"end":{"line":170,"column":39}},"65":{"start":{"line":172,"column":4},"end":{"line":172,"column":58}},"66":{"start":{"line":173,"column":4},"end":{"line":173,"column":80}},"67":{"start":{"line":180,"column":31},"end":{"line":188,"column":1}},"68":{"start":{"line":181,"column":2},"end":{"line":187,"column":3}},"69":{"start":{"line":182,"column":18},"end":{"line":182,"column":48}},"70":{"start":{"line":183,"column":4},"end":{"line":183,"column":39}},"71":{"start":{"line":185,"column":4},"end":{"line":185,"column":55}},"72":{"start":{"line":186,"column":4},"end":{"line":186,"column":77}}},"fnMap":{"0":{"name":"(anonymous_0)","decl":{"start":{"line":22,"column":28},"end":{"line":22,"column":29}},"loc":{"start":{"line":22,"column":48},"end":{"line":40,"column":1}},"line":22},"1":{"name":"(anonymous_1)","decl":{"start":{"line":45,"column":26},"end":{"line":45,"column":27}},"loc":{"start":{"line":45,"column":46},"end":{"line":53,"column":1}},"line":45},"2":{"name":"(anonymous_2)","decl":{"start":{"line":58,"column":29},"end":{"line":58,"column":30}},"loc":{"start":{"line":58,"column":49},"end":{"line":77,"column":1}},"line":58},"3":{"name":"(anonymous_3)","decl":{"start":{"line":83,"column":28},"end":{"line":83,"column":29}},"loc":{"start":{"line":83,"column":48},"end":{"line":118,"column":1}},"line":83},"4":{"name":"(anonymous_4)","decl":{"start":{"line":124,"column":29},"end":{"line":124,"column":30}},"loc":{"start":{"line":124,"column":49},"end":{"line":149,"column":1}},"line":124},"5":{"name":"(anonymous_5)","decl":{"start":{"line":154,"column":32},"end":{"line":154,"column":33}},"loc":{"start":{"line":154,"column":52},"end":{"line":162,"column":1}},"line":154},"6":{"name":"(anonymous_6)","decl":{"start":{"line":167,"column":34},"end":{"line":167,"column":35}},"loc":{"start":{"line":167,"column":54},"end":{"line":175,"column":1}},"line":167},"7":{"name":"(anonymous_7)","decl":{"start":{"line":180,"column":31},"end":{"line":180,"column":32}},"loc":{"start":{"line":180,"column":51},"end":{"line":188,"column":1}},"line":180}},"branchMap":{"0":{"loc":{"start":{"line":26,"column":4},"end":{"line":28,"column":5}},"type":"if","locations":[{"start":{"line":26,"column":4},"end":{"line":28,"column":5}},{"start":{},"end":{}}],"line":26},"1":{"loc":{"start":{"line":26,"column":8},"end":{"line":26,"column":53}},"type":"binary-expr","locations":[{"start":{"line":26,"column":8},"end":{"line":26,"column":19}},{"start":{"line":26,"column":23},"end":{"line":26,"column":53}}],"line":26},"2":{"loc":{"start":{"line":62,"column":4},"end":{"line":64,"column":5}},"type":"if","locations":[{"start":{"line":62,"column":4},"end":{"line":64,"column":5}},{"start":{},"end":{}}],"line":62},"3":{"loc":{"start":{"line":62,"column":8},"end":{"line":62,"column":40}},"type":"binary-expr","locations":[{"start":{"line":62,"column":8},"end":{"line":62,"column":29}},{"start":{"line":62,"column":33},"end":{"line":62,"column":40}}],"line":62},"4":{"loc":{"start":{"line":68,"column":4},"end":{"line":70,"column":5}},"type":"if","locations":[{"start":{"line":68,"column":4},"end":{"line":70,"column":5}},{"start":{},"end":{}}],"line":68},"5":{"loc":{"start":{"line":87,"column":4},"end":{"line":89,"column":5}},"type":"if","locations":[{"start":{"line":87,"column":4},"end":{"line":89,"column":5}},{"start":{},"end":{}}],"line":87},"6":{"loc":{"start":{"line":87,"column":8},"end":{"line":87,"column":40}},"type":"binary-expr","locations":[{"start":{"line":87,"column":8},"end":{"line":87,"column":29}},{"start":{"line":87,"column":33},"end":{"line":87,"column":40}}],"line":87},"7":{"loc":{"start":{"line":93,"column":4},"end":{"line":95,"column":5}},"type":"if","locations":[{"start":{"line":93,"column":4},"end":{"line":95,"column":5}},{"start":{},"end":{}}],"line":93},"8":{"loc":{"start":{"line":93,"column":8},"end":{"line":93,"column":53}},"type":"binary-expr","locations":[{"start":{"line":93,"column":8},"end":{"line":93,"column":19}},{"start":{"line":93,"column":23},"end":{"line":93,"column":53}}],"line":93},"9":{"loc":{"start":{"line":99,"column":4},"end":{"line":101,"column":5}},"type":"if","locations":[{"start":{"line":99,"column":4},"end":{"line":101,"column":5}},{"start":{},"end":{}}],"line":99},"10":{"loc":{"start":{"line":128,"column":4},"end":{"line":130,"column":5}},"type":"if","locations":[{"start":{"line":128,"column":4},"end":{"line":130,"column":5}},{"start":{},"end":{}}],"line":128},"11":{"loc":{"start":{"line":128,"column":8},"end":{"line":128,"column":40}},"type":"binary-expr","locations":[{"start":{"line":128,"column":8},"end":{"line":128,"column":29}},{"start":{"line":128,"column":33},"end":{"line":128,"column":40}}],"line":128},"12":{"loc":{"start":{"line":134,"column":4},"end":{"line":136,"column":5}},"type":"if","locations":[{"start":{"line":134,"column":4},"end":{"line":136,"column":5}},{"start":{},"end":{}}],"line":134}},"s":{"0":1,"1":3,"2":3,"3":3,"4":1,"5":2,"6":1,"7":1,"8":1,"9":1,"10":1,"11":2,"12":2,"13":1,"14":1,"15":1,"16":1,"17":3,"18":3,"19":3,"20":1,"21":2,"22":2,"23":1,"24":1,"25":0,"26":0,"27":1,"28":3,"29":3,"30":3,"31":1,"32":2,"33":2,"34":0,"35":2,"36":2,"37":1,"38":1,"39":1,"40":1,"41":0,"42":0,"43":1,"44":2,"45":2,"46":2,"47":0,"48":2,"49":2,"50":1,"51":1,"52":1,"53":0,"54":0,"55":1,"56":0,"57":0,"58":0,"59":0,"60":0,"61":1,"62":0,"63":0,"64":0,"65":0,"66":0,"67":1,"68":0,"69":0,"70":0,"71":0,"72":0},"f":{"0":3,"1":2,"2":3,"3":3,"4":2,"5":0,"6":0,"7":0},"b":{"0":[1,2],"1":[3,2],"2":[1,2],"3":[3,2],"4":[1,1],"5":[1,2],"6":[3,3],"7":[0,2],"8":[2,2],"9":[1,1],"10":[0,2],"11":[2,2],"12":[1,1]},"inputSourceMap":null,"_coverageSchema":"1a1c01bbd47fc00a2c39e90264f33305004495a9","hash":"4c98eb64b0c7ffbd22a96008ec92752a77377bae"}
,"C:\\Users\\gonca\\Desktop\\UpSkill\\12-Computacao_em_nuvem\\gestor-tickets-webhooks-main\\server-main\\src\\repositories\\ticketsRepository.js": {"path":"C:\\Users\\gonca\\Desktop\\UpSkill\\12-Computacao_em_nuvem\\gestor-tickets-webhooks-main\\server-main\\src\\repositories\\ticketsRepository.js","statementMap":{"0":{"start":{"line":15,"column":18},"end":{"line":15,"column":54}},"1":{"start":{"line":16,"column":17},"end":{"line":16,"column":55}},"2":{"start":{"line":18,"column":14},"end":{"line":25,"column":3}},"3":{"start":{"line":27,"column":17},"end":{"line":38,"column":3}},"4":{"start":{"line":40,"column":17},"end":{"line":40,"column":50}},"5":{"start":{"line":41,"column":2},"end":{"line":41,"column":24}},"6":{"start":{"line":49,"column":14},"end":{"line":57,"column":3}},"7":{"start":{"line":59,"column":17},"end":{"line":70,"column":3}},"8":{"start":{"line":72,"column":17},"end":{"line":72,"column":52}},"9":{"start":{"line":73,"column":2},"end":{"line":73,"column":23}},"10":{"start":{"line":81,"column":14},"end":{"line":81,"column":50}},"11":{"start":{"line":82,"column":14},"end":{"line":82,"column":47}},"12":{"start":{"line":84,"column":2},"end":{"line":84,"column":24}},"13":{"start":{"line":84,"column":12},"end":{"line":84,"column":24}},"14":{"start":{"line":85,"column":2},"end":{"line":85,"column":13}},"15":{"start":{"line":93,"column":14},"end":{"line":107,"column":3}},"16":{"start":{"line":109,"column":17},"end":{"line":121,"column":3}},"17":{"start":{"line":123,"column":17},"end":{"line":123,"column":52}},"18":{"start":{"line":124,"column":2},"end":{"line":124,"column":24}},"19":{"start":{"line":132,"column":14},"end":{"line":132,"column":60}},"20":{"start":{"line":133,"column":17},"end":{"line":133,"column":50}},"21":{"start":{"line":135,"column":2},"end":{"line":135,"column":24}},"22":{"start":{"line":143,"column":14},"end":{"line":149,"column":3}},"23":{"start":{"line":151,"column":15},"end":{"line":151,"column":70}},"24":{"start":{"line":152,"column":2},"end":{"line":152,"column":14}},"25":{"start":{"line":160,"column":14},"end":{"line":164,"column":3}},"26":{"start":{"line":166,"column":14},"end":{"line":166,"column":49}},"27":{"start":{"line":169,"column":2},"end":{"line":169,"column":70}},"28":{"start":{"line":169,"column":61},"end":{"line":169,"column":70}},"29":{"start":{"line":171,"column":2},"end":{"line":171,"column":19}}},"fnMap":{"0":{"name":"insertTicket","decl":{"start":{"line":14,"column":22},"end":{"line":14,"column":34}},"loc":{"start":{"line":14,"column":60},"end":{"line":42,"column":1}},"line":14},"1":{"name":"createTicket","decl":{"start":{"line":48,"column":22},"end":{"line":48,"column":34}},"loc":{"start":{"line":48,"column":43},"end":{"line":74,"column":1}},"line":48},"2":{"name":"getTicketById","decl":{"start":{"line":80,"column":22},"end":{"line":80,"column":35}},"loc":{"start":{"line":80,"column":40},"end":{"line":86,"column":1}},"line":80},"3":{"name":"updateTicket","decl":{"start":{"line":92,"column":22},"end":{"line":92,"column":34}},"loc":{"start":{"line":92,"column":48},"end":{"line":125,"column":1}},"line":92},"4":{"name":"archiveTicket","decl":{"start":{"line":131,"column":22},"end":{"line":131,"column":35}},"loc":{"start":{"line":131,"column":40},"end":{"line":136,"column":1}},"line":131},"5":{"name":"listTickets","decl":{"start":{"line":142,"column":22},"end":{"line":142,"column":33}},"loc":{"start":{"line":142,"column":67},"end":{"line":153,"column":1}},"line":142},"6":{"name":"countTickets","decl":{"start":{"line":159,"column":22},"end":{"line":159,"column":34}},"loc":{"start":{"line":159,"column":53},"end":{"line":172,"column":1}},"line":159}},"branchMap":{"0":{"loc":{"start":{"line":15,"column":18},"end":{"line":15,"column":54}},"type":"cond-expr","locations":[{"start":{"line":15,"column":32},"end":{"line":15,"column":42}},{"start":{"line":15,"column":45},"end":{"line":15,"column":54}}],"line":15},"1":{"loc":{"start":{"line":16,"column":17},"end":{"line":16,"column":55}},"type":"cond-expr","locations":[{"start":{"line":16,"column":31},"end":{"line":16,"column":42}},{"start":{"line":16,"column":45},"end":{"line":16,"column":55}}],"line":16},"2":{"loc":{"start":{"line":60,"column":4},"end":{"line":60,"column":25}},"type":"binary-expr","locations":[{"start":{"line":60,"column":4},"end":{"line":60,"column":17}},{"start":{"line":60,"column":21},"end":{"line":60,"column":25}}],"line":60},"3":{"loc":{"start":{"line":61,"column":4},"end":{"line":61,"column":24}},"type":"binary-expr","locations":[{"start":{"line":61,"column":4},"end":{"line":61,"column":16}},{"start":{"line":61,"column":20},"end":{"line":61,"column":24}}],"line":61},"4":{"loc":{"start":{"line":62,"column":4},"end":{"line":62,"column":27}},"type":"binary-expr","locations":[{"start":{"line":62,"column":4},"end":{"line":62,"column":19}},{"start":{"line":62,"column":23},"end":{"line":62,"column":27}}],"line":62},"5":{"loc":{"start":{"line":63,"column":4},"end":{"line":63,"column":27}},"type":"binary-expr","locations":[{"start":{"line":63,"column":4},"end":{"line":63,"column":17}},{"start":{"line":63,"column":21},"end":{"line":63,"column":27}}],"line":63},"6":{"loc":{"start":{"line":64,"column":4},"end":{"line":64,"column":25}},"type":"binary-expr","locations":[{"start":{"line":64,"column":4},"end":{"line":64,"column":17}},{"start":{"line":64,"column":21},"end":{"line":64,"column":25}}],"line":64},"7":{"loc":{"start":{"line":65,"column":4},"end":{"line":65,"column":26}},"type":"binary-expr","locations":[{"start":{"line":65,"column":4},"end":{"line":65,"column":18}},{"start":{"line":65,"column":22},"end":{"line":65,"column":26}}],"line":65},"8":{"loc":{"start":{"line":66,"column":4},"end":{"line":66,"column":27}},"type":"binary-expr","locations":[{"start":{"line":66,"column":4},"end":{"line":66,"column":19}},{"start":{"line":66,"column":23},"end":{"line":66,"column":27}}],"line":66},"9":{"loc":{"start":{"line":67,"column":4},"end":{"line":67,"column":47}},"type":"binary-expr","locations":[{"start":{"line":67,"column":4},"end":{"line":67,"column":19}},{"start":{"line":67,"column":23},"end":{"line":67,"column":47}}],"line":67},"10":{"loc":{"start":{"line":68,"column":4},"end":{"line":68,"column":31}},"type":"binary-expr","locations":[{"start":{"line":68,"column":4},"end":{"line":68,"column":23}},{"start":{"line":68,"column":27},"end":{"line":68,"column":31}}],"line":68},"11":{"loc":{"start":{"line":69,"column":4},"end":{"line":69,"column":28}},"type":"binary-expr","locations":[{"start":{"line":69,"column":4},"end":{"line":69,"column":20}},{"start":{"line":69,"column":24},"end":{"line":69,"column":28}}],"line":69},"12":{"loc":{"start":{"line":84,"column":2},"end":{"line":84,"column":24}},"type":"if","locations":[{"start":{"line":84,"column":2},"end":{"line":84,"column":24}},{"start":{},"end":{}}],"line":84},"13":{"loc":{"start":{"line":169,"column":2},"end":{"line":169,"column":70}},"type":"if","locations":[{"start":{"line":169,"column":2},"end":{"line":169,"column":70}},{"start":{},"end":{}}],"line":169},"14":{"loc":{"start":{"line":169,"column":6},"end":{"line":169,"column":59}},"type":"binary-expr","locations":[{"start":{"line":169,"column":6},"end":{"line":169,"column":10}},{"start":{"line":169,"column":14},"end":{"line":169,"column":37}},{"start":{"line":169,"column":41},"end":{"line":169,"column":59}}],"line":169}},"s":{"0":0,"1":0,"2":0,"3":0,"4":0,"5":0,"6":1,"7":1,"8":1,"9":1,"10":2,"11":2,"12":2,"13":1,"14":1,"15":2,"16":2,"17":2,"18":2,"19":1,"20":1,"21":1,"22":1,"23":1,"24":1,"25":2,"26":2,"27":2,"28":1,"29":1},"f":{"0":0,"1":1,"2":2,"3":2,"4":1,"5":1,"6":2},"b":{"0":[0,0],"1":[0,0],"2":[1,0],"3":[1,1],"4":[1,1],"5":[1,0],"6":[1,1],"7":[1,1],"8":[1,1],"9":[1,1],"10":[1,1],"11":[1,1],"12":[1,1],"13":[1,1],"14":[2,1,1]},"inputSourceMap":null,"_coverageSchema":"1a1c01bbd47fc00a2c39e90264f33305004495a9","hash":"485438fae65976112d27764a66520a9de0073b14"}
,"C:\\Users\\gonca\\Desktop\\UpSkill\\12-Computacao_em_nuvem\\gestor-tickets-webhooks-main\\server-main\\src\\services\\ticketsService.js": {"path":"C:\\Users\\gonca\\Desktop\\UpSkill\\12-Computacao_em_nuvem\\gestor-tickets-webhooks-main\\server-main\\src\\services\\ticketsService.js","statementMap":{"0":{"start":{"line":14,"column":35},"end":{"line":17,"column":1}},"1":{"start":{"line":15,"column":13},"end":{"line":15,"column":43}},"2":{"start":{"line":16,"column":2},"end":{"line":16,"column":33}},"3":{"start":{"line":24,"column":33},"end":{"line":50,"column":1}},"4":{"start":{"line":25,"column":16},"end":{"line":25,"column":66}},"5":{"start":{"line":26,"column":17},"end":{"line":26,"column":69}},"6":{"start":{"line":29,"column":19},"end":{"line":29,"column":49}},"7":{"start":{"line":31,"column":16},"end":{"line":31,"column":45}},"8":{"start":{"line":32,"column":17},"end":{"line":32,"column":27}},"9":{"start":{"line":35,"column":2},"end":{"line":35,"column":76}},"10":{"start":{"line":35,"column":22},"end":{"line":35,"column":47}},"11":{"start":{"line":35,"column":48},"end":{"line":35,"column":74}},"12":{"start":{"line":36,"column":2},"end":{"line":36,"column":82}},"13":{"start":{"line":36,"column":24},"end":{"line":36,"column":51}},"14":{"start":{"line":36,"column":52},"end":{"line":36,"column":80}},"15":{"start":{"line":37,"column":2},"end":{"line":37,"column":76}},"16":{"start":{"line":37,"column":22},"end":{"line":37,"column":47}},"17":{"start":{"line":37,"column":48},"end":{"line":37,"column":74}},"18":{"start":{"line":38,"column":2},"end":{"line":38,"column":79}},"19":{"start":{"line":38,"column":23},"end":{"line":38,"column":49}},"20":{"start":{"line":38,"column":50},"end":{"line":38,"column":77}},"21":{"start":{"line":41,"column":2},"end":{"line":41,"column":73}},"22":{"start":{"line":41,"column":21},"end":{"line":41,"column":45}},"23":{"start":{"line":41,"column":46},"end":{"line":41,"column":71}},"24":{"start":{"line":44,"column":19},"end":{"line":44,"column":49}},"25":{"start":{"line":46,"column":16},"end":{"line":46,"column":52}},"26":{"start":{"line":47,"column":18},"end":{"line":47,"column":68}},"27":{"start":{"line":49,"column":2},"end":{"line":49,"column":43}},"28":{"start":{"line":55,"column":36},"end":{"line":57,"column":1}},"29":{"start":{"line":56,"column":2},"end":{"line":56,"column":33}},"30":{"start":{"line":63,"column":35},"end":{"line":105,"column":1}},"31":{"start":{"line":64,"column":19},"end":{"line":64,"column":42}},"32":{"start":{"line":65,"column":2},"end":{"line":65,"column":29}},"33":{"start":{"line":65,"column":17},"end":{"line":65,"column":29}},"34":{"start":{"line":67,"column":18},"end":{"line":80,"column":3}},"35":{"start":{"line":82,"column":18},"end":{"line":82,"column":49}},"36":{"start":{"line":83,"column":2},"end":{"line":83,"column":28}},"37":{"start":{"line":83,"column":16},"end":{"line":83,"column":28}},"38":{"start":{"line":85,"column":16},"end":{"line":85,"column":39}},"39":{"start":{"line":86,"column":2},"end":{"line":86,"column":26}},"40":{"start":{"line":86,"column":14},"end":{"line":86,"column":26}},"41":{"start":{"line":89,"column":24},"end":{"line":89,"column":26}},"42":{"start":{"line":90,"column":2},"end":{"line":98,"column":5}},"43":{"start":{"line":92,"column":24},"end":{"line":92,"column":37}},"44":{"start":{"line":93,"column":23},"end":{"line":93,"column":33}},"45":{"start":{"line":95,"column":4},"end":{"line":97,"column":5}},"46":{"start":{"line":96,"column":6},"end":{"line":96,"column":65}},"47":{"start":{"line":100,"column":2},"end":{"line":104,"column":4}},"48":{"start":{"line":110,"column":36},"end":{"line":118,"column":1}},"49":{"start":{"line":111,"column":19},"end":{"line":111,"column":42}},"50":{"start":{"line":112,"column":2},"end":{"line":112,"column":29}},"51":{"start":{"line":112,"column":17},"end":{"line":112,"column":29}},"52":{"start":{"line":114,"column":18},"end":{"line":114,"column":41}},"53":{"start":{"line":115,"column":2},"end":{"line":115,"column":28}},"54":{"start":{"line":115,"column":16},"end":{"line":115,"column":28}},"55":{"start":{"line":117,"column":2},"end":{"line":117,"column":33}}},"fnMap":{"0":{"name":"(anonymous_0)","decl":{"start":{"line":14,"column":35},"end":{"line":14,"column":36}},"loc":{"start":{"line":14,"column":57},"end":{"line":17,"column":1}},"line":14},"1":{"name":"(anonymous_1)","decl":{"start":{"line":24,"column":33},"end":{"line":24,"column":34}},"loc":{"start":{"line":24,"column":50},"end":{"line":50,"column":1}},"line":24},"2":{"name":"(anonymous_2)","decl":{"start":{"line":55,"column":36},"end":{"line":55,"column":37}},"loc":{"start":{"line":55,"column":50},"end":{"line":57,"column":1}},"line":55},"3":{"name":"(anonymous_3)","decl":{"start":{"line":63,"column":35},"end":{"line":63,"column":36}},"loc":{"start":{"line":63,"column":61},"end":{"line":105,"column":1}},"line":63},"4":{"name":"(anonymous_4)","decl":{"start":{"line":90,"column":29},"end":{"line":90,"column":30}},"loc":{"start":{"line":90,"column":38},"end":{"line":98,"column":3}},"line":90},"5":{"name":"(anonymous_5)","decl":{"start":{"line":110,"column":36},"end":{"line":110,"column":37}},"loc":{"start":{"line":110,"column":50},"end":{"line":118,"column":1}},"line":110}},"branchMap":{"0":{"loc":{"start":{"line":25,"column":16},"end":{"line":25,"column":66}},"type":"cond-expr","locations":[{"start":{"line":25,"column":42},"end":{"line":25,"column":61}},{"start":{"line":25,"column":64},"end":{"line":25,"column":66}}],"line":25},"1":{"loc":{"start":{"line":26,"column":17},"end":{"line":26,"column":69}},"type":"cond-expr","locations":[{"start":{"line":26,"column":45},"end":{"line":26,"column":65}},{"start":{"line":26,"column":68},"end":{"line":26,"column":69}}],"line":26},"2":{"loc":{"start":{"line":29,"column":19},"end":{"line":29,"column":49}},"type":"cond-expr","locations":[{"start":{"line":29,"column":44},"end":{"line":29,"column":45}},{"start":{"line":29,"column":48},"end":{"line":29,"column":49}}],"line":29},"3":{"loc":{"start":{"line":35,"column":2},"end":{"line":35,"column":76}},"type":"if","locations":[{"start":{"line":35,"column":2},"end":{"line":35,"column":76}},{"start":{},"end":{}}],"line":35},"4":{"loc":{"start":{"line":36,"column":2},"end":{"line":36,"column":82}},"type":"if","locations":[{"start":{"line":36,"column":2},"end":{"line":36,"column":82}},{"start":{},"end":{}}],"line":36},"5":{"loc":{"start":{"line":37,"column":2},"end":{"line":37,"column":76}},"type":"if","locations":[{"start":{"line":37,"column":2},"end":{"line":37,"column":76}},{"start":{},"end":{}}],"line":37},"6":{"loc":{"start":{"line":38,"column":2},"end":{"line":38,"column":79}},"type":"if","locations":[{"start":{"line":38,"column":2},"end":{"line":38,"column":79}},{"start":{},"end":{}}],"line":38},"7":{"loc":{"start":{"line":41,"column":2},"end":{"line":41,"column":73}},"type":"if","locations":[{"start":{"line":41,"column":2},"end":{"line":41,"column":73}},{"start":{},"end":{}}],"line":41},"8":{"loc":{"start":{"line":65,"column":2},"end":{"line":65,"column":29}},"type":"if","locations":[{"start":{"line":65,"column":2},"end":{"line":65,"column":29}},{"start":{},"end":{}}],"line":65},"9":{"loc":{"start":{"line":68,"column":12},"end":{"line":68,"column":81}},"type":"cond-expr","locations":[{"start":{"line":68,"column":46},"end":{"line":68,"column":63}},{"start":{"line":68,"column":66},"end":{"line":68,"column":81}}],"line":68},"10":{"loc":{"start":{"line":69,"column":11},"end":{"line":69,"column":77}},"type":"cond-expr","locations":[{"start":{"line":69,"column":44},"end":{"line":69,"column":60}},{"start":{"line":69,"column":63},"end":{"line":69,"column":77}}],"line":69},"11":{"loc":{"start":{"line":70,"column":14},"end":{"line":70,"column":89}},"type":"cond-expr","locations":[{"start":{"line":70,"column":50},"end":{"line":70,"column":69}},{"start":{"line":70,"column":72},"end":{"line":70,"column":89}}],"line":70},"12":{"loc":{"start":{"line":72,"column":12},"end":{"line":72,"column":81}},"type":"cond-expr","locations":[{"start":{"line":72,"column":46},"end":{"line":72,"column":63}},{"start":{"line":72,"column":66},"end":{"line":72,"column":81}}],"line":72},"13":{"loc":{"start":{"line":73,"column":12},"end":{"line":73,"column":81}},"type":"cond-expr","locations":[{"start":{"line":73,"column":46},"end":{"line":73,"column":63}},{"start":{"line":73,"column":66},"end":{"line":73,"column":81}}],"line":73},"14":{"loc":{"start":{"line":74,"column":13},"end":{"line":74,"column":85}},"type":"cond-expr","locations":[{"start":{"line":74,"column":48},"end":{"line":74,"column":66}},{"start":{"line":74,"column":69},"end":{"line":74,"column":85}}],"line":74},"15":{"loc":{"start":{"line":75,"column":14},"end":{"line":75,"column":89}},"type":"cond-expr","locations":[{"start":{"line":75,"column":50},"end":{"line":75,"column":69}},{"start":{"line":75,"column":72},"end":{"line":75,"column":89}}],"line":75},"16":{"loc":{"start":{"line":77,"column":14},"end":{"line":77,"column":89}},"type":"cond-expr","locations":[{"start":{"line":77,"column":50},"end":{"line":77,"column":69}},{"start":{"line":77,"column":72},"end":{"line":77,"column":89}}],"line":77},"17":{"loc":{"start":{"line":78,"column":18},"end":{"line":78,"column":105}},"type":"cond-expr","locations":[{"start":{"line":78,"column":58},"end":{"line":78,"column":81}},{"start":{"line":78,"column":84},"end":{"line":78,"column":105}}],"line":78},"18":{"loc":{"start":{"line":79,"column":15},"end":{"line":79,"column":93}},"type":"cond-expr","locations":[{"start":{"line":79,"column":52},"end":{"line":79,"column":72}},{"start":{"line":79,"column":75},"end":{"line":79,"column":93}}],"line":79},"19":{"loc":{"start":{"line":83,"column":2},"end":{"line":83,"column":28}},"type":"if","locations":[{"start":{"line":83,"column":2},"end":{"line":83,"column":28}},{"start":{},"end":{}}],"line":83},"20":{"loc":{"start":{"line":86,"column":2},"end":{"line":86,"column":26}},"type":"if","locations":[{"start":{"line":86,"column":2},"end":{"line":86,"column":26}},{"start":{},"end":{}}],"line":86},"21":{"loc":{"start":{"line":95,"column":4},"end":{"line":97,"column":5}},"type":"if","locations":[{"start":{"line":95,"column":4},"end":{"line":97,"column":5}},{"start":{},"end":{}}],"line":95},"22":{"loc":{"start":{"line":112,"column":2},"end":{"line":112,"column":29}},"type":"if","locations":[{"start":{"line":112,"column":2},"end":{"line":112,"column":29}},{"start":{},"end":{}}],"line":112},"23":{"loc":{"start":{"line":115,"column":2},"end":{"line":115,"column":28}},"type":"if","locations":[{"start":{"line":115,"column":2},"end":{"line":115,"column":28}},{"start":{},"end":{}}],"line":115}},"s":{"0":1,"1":1,"2":1,"3":1,"4":4,"5":4,"6":4,"7":4,"8":4,"9":4,"10":1,"11":1,"12":4,"13":0,"14":0,"15":4,"16":0,"17":0,"18":4,"19":0,"20":0,"21":4,"22":0,"23":0,"24":4,"25":4,"26":4,"27":4,"28":1,"29":2,"30":1,"31":3,"32":3,"33":1,"34":2,"35":2,"36":2,"37":1,"38":1,"39":1,"40":0,"41":1,"42":1,"43":3,"44":3,"45":3,"46":1,"47":1,"48":1,"49":2,"50":2,"51":1,"52":1,"53":1,"54":0,"55":1},"f":{"0":1,"1":4,"2":2,"3":3,"4":3,"5":2},"b":{"0":[1,3],"1":[1,3],"2":[1,3],"3":[1,3],"4":[0,4],"5":[0,4],"6":[0,4],"7":[0,4],"8":[1,2],"9":[0,2],"10":[0,2],"11":[0,2],"12":[2,0],"13":[0,2],"14":[0,2],"15":[0,2],"16":[0,2],"17":[0,2],"18":[0,2],"19":[1,1],"20":[0,1],"21":[1,2],"22":[1,1],"23":[0,1]},"inputSourceMap":null,"_coverageSchema":"1a1c01bbd47fc00a2c39e90264f33305004495a9","hash":"b51a6a876716c88ad45f4173087d03bda7e6c60f"}
}
