{"C:\\Users\\gonca\\Desktop\\UpSkill\\12-Computacao_em_nuvem\\gestor-tickets-webhooks-main\\server-main\\src\\app.export.js": {"path":"C:\\Users\\gonca\\Desktop\\UpSkill\\12-Computacao_em_nuvem\\gestor-tickets-webhooks-main\\server-main\\src\\app.export.js","statementMap":{"0":{"start":{"line":12,"column":12},"end":{"line":12,"column":21}},"1":{"start":{"line":14,"column":0},"end":{"line":14,"column":24}},"2":{"start":{"line":16,"column":0},"end":{"line":20,"column":4}},"3":{"start":{"line":22,"column":0},"end":{"line":22,"column":33}},"4":{"start":{"line":23,"column":0},"end":{"line":23,"column":39}},"5":{"start":{"line":24,"column":0},"end":{"line":24,"column":41}}},"fnMap":{},"branchMap":{},"s":{"0":1,"1":1,"2":1,"3":1,"4":1,"5":1},"f":{},"b":{},"inputSourceMap":null,"_coverageSchema":"1a1c01bbd47fc00a2c39e90264f33305004495a9","hash":"0e99bbd7b5a95de25128799a30fd9d2655b4200c"}
,"C:\\Users\\gonca\\Desktop\\UpSkill\\12-Computacao_em_nuvem\\gestor-tickets-webhooks-main\\server-main\\src\\__tests__\\helpers\\dbHelper.js": {"path":"C:\\Users\\gonca\\Desktop\\UpSkill\\12-Computacao_em_nuvem\\gestor-tickets-webhooks-main\\server-main\\src\\__tests__\\helpers\\dbHelper.js","statementMap":{"0":{"start":{"line":9,"column":28},"end":{"line":15,"column":4}},"1":{"start":{"line":10,"column":2},"end":{"line":15,"column":4}},"2":{"start":{"line":11,"column":15},"end":{"line":14,"column":6}},"3":{"start":{"line":12,"column":6},"end":{"line":12,"column":34}},"4":{"start":{"line":12,"column":15},"end":{"line":12,"column":34}},"5":{"start":{"line":13,"column":6},"end":{"line":13,"column":18}},"6":{"start":{"line":20,"column":30},"end":{"line":38,"column":1}},"7":{"start":{"line":21,"column":14},"end":{"line":36,"column":3}},"8":{"start":{"line":37,"column":2},"end":{"line":37,"column":24}},"9":{"start":{"line":43,"column":28},"end":{"line":45,"column":1}},"10":{"start":{"line":44,"column":2},"end":{"line":44,"column":42}}},"fnMap":{"0":{"name":"(anonymous_0)","decl":{"start":{"line":9,"column":28},"end":{"line":9,"column":29}},"loc":{"start":{"line":10,"column":2},"end":{"line":15,"column":4}},"line":10},"1":{"name":"(anonymous_1)","decl":{"start":{"line":10,"column":14},"end":{"line":10,"column":15}},"loc":{"start":{"line":10,"column":35},"end":{"line":15,"column":3}},"line":10},"2":{"name":"(anonymous_2)","decl":{"start":{"line":11,"column":48},"end":{"line":11,"column":49}},"loc":{"start":{"line":11,"column":57},"end":{"line":14,"column":5}},"line":11},"3":{"name":"(anonymous_3)","decl":{"start":{"line":20,"column":30},"end":{"line":20,"column":31}},"loc":{"start":{"line":20,"column":44},"end":{"line":38,"column":1}},"line":20},"4":{"name":"(anonymous_4)","decl":{"start":{"line":43,"column":28},"end":{"line":43,"column":29}},"loc":{"start":{"line":43,"column":42},"end":{"line":45,"column":1}},"line":43}},"branchMap":{"0":{"loc":{"start":{"line":12,"column":6},"end":{"line":12,"column":34}},"type":"if","locations":[{"start":{"line":12,"column":6},"end":{"line":12,"column":34}},{"start":{},"end":{}}],"line":12}},"s":{"0":2,"1":2,"2":2,"3":2,"4":0,"5":2,"6":2,"7":2,"8":2,"9":2,"10":30},"f":{"0":2,"1":2,"2":2,"3":2,"4":30},"b":{"0":[0,2]},"inputSourceMap":null,"_coverageSchema":"1a1c01bbd47fc00a2c39e90264f33305004495a9","hash":"46dd03b23fdf7e215662909006ee6e3213fc3609"}
,"C:\\Users\\gonca\\Desktop\\UpSkill\\12-Computacao_em_nuvem\\gestor-tickets-webhooks-main\\server-main\\src\\controllers\\healthController.js": {"path":"C:\\Users\\gonca\\Desktop\\UpSkill\\12-Computacao_em_nuvem\\gestor-tickets-webhooks-main\\server-main\\src\\controllers\\healthController.js","statementMap":{"0":{"start":{"line":1,"column":25},"end":{"line":19,"column":1}},"1":{"start":{"line":2,"column":2},"end":{"line":18,"column":3}},"2":{"start":{"line":3,"column":23},"end":{"line":9,"column":5}},"3":{"start":{"line":11,"column":4},"end":{"line":11,"column":37}},"4":{"start":{"line":13,"column":4},"end":{"line":13,"column":47}},"5":{"start":{"line":15,"column":4},"end":{"line":17,"column":7}}},"fnMap":{"0":{"name":"(anonymous_0)","decl":{"start":{"line":1,"column":25},"end":{"line":1,"column":26}},"loc":{"start":{"line":1,"column":45},"end":{"line":19,"column":1}},"line":1}},"branchMap":{"0":{"loc":{"start":{"line":5,"column":13},"end":{"line":5,"column":37}},"type":"binary-expr","locations":[{"start":{"line":5,"column":13},"end":{"line":5,"column":29}},{"start":{"line":5,"column":33},"end":{"line":5,"column":37}}],"line":5}},"s":{"0":1,"1":1,"2":1,"3":1,"4":0,"5":0},"f":{"0":1},"b":{"0":[1,0]},"inputSourceMap":null,"_coverageSchema":"1a1c01bbd47fc00a2c39e90264f33305004495a9","hash":"7215e0b5ae9674fd03ca4917130f1ee4cb1710ac"}
,"C:\\Users\\gonca\\Desktop\\UpSkill\\12-Computacao_em_nuvem\\gestor-tickets-webhooks-main\\server-main\\src\\controllers\\ticketsController.js": {"path":"C:\\Users\\gonca\\Desktop\\UpSkill\\12-Computacao_em_nuvem\\gestor-tickets-webhooks-main\\server-main\\src\\controllers\\ticketsController.js","statementMap":{"0":{"start":{"line":22,"column":28},"end":{"line":40,"column":1}},"1":{"start":{"line":23,"column":2},"end":{"line":39,"column":3}},"2":{"start":{"line":24,"column":23},"end":{"line":24,"column":31}},"3":{"start":{"line":26,"column":4},"end":{"line":28,"column":5}},"4":{"start":{"line":27,"column":6},"end":{"line":27,"column":71}},"5":{"start":{"line":30,"column":20},"end":{"line":30,"column":57}},"6":{"start":{"line":33,"column":4},"end":{"line":33,"column":67}},"7":{"start":{"line":35,"column":4},"end":{"line":35,"column":41}},"8":{"start":{"line":37,"column":4},"end":{"line":37,"column":56}},"9":{"start":{"line":38,"column":4},"end":{"line":38,"column":70}},"10":{"start":{"line":45,"column":26},"end":{"line":53,"column":1}},"11":{"start":{"line":46,"column":2},"end":{"line":52,"column":3}},"12":{"start":{"line":47,"column":19},"end":{"line":47,"column":53}},"13":{"start":{"line":48,"column":4},"end":{"line":48,"column":40}},"14":{"start":{"line":50,"column":4},"end":{"line":50,"column":58}},"15":{"start":{"line":51,"column":4},"end":{"line":51,"column":70}},"16":{"start":{"line":58,"column":29},"end":{"line":77,"column":1}},"17":{"start":{"line":59,"column":2},"end":{"line":76,"column":3}},"18":{"start":{"line":60,"column":15},"end":{"line":60,"column":36}},"19":{"start":{"line":62,"column":4},"end":{"line":64,"column":5}},"20":{"start":{"line":63,"column":6},"end":{"line":63,"column":68}},"21":{"start":{"line":66,"column":19},"end":{"line":66,"column":49}},"22":{"start":{"line":68,"column":4},"end":{"line":70,"column":5}},"23":{"start":{"line":69,"column":6},"end":{"line":69,"column":67}},"24":{"start":{"line":72,"column":4},"end":{"line":72,"column":40}},"25":{"start":{"line":74,"column":4},"end":{"line":74,"column":56}},"26":{"start":{"line":75,"column":4},"end":{"line":75,"column":69}},"27":{"start":{"line":83,"column":28},"end":{"line":118,"column":1}},"28":{"start":{"line":84,"column":2},"end":{"line":117,"column":3}},"29":{"start":{"line":85,"column":15},"end":{"line":85,"column":36}},"30":{"start":{"line":87,"column":4},"end":{"line":89,"column":5}},"31":{"start":{"line":88,"column":6},"end":{"line":88,"column":68}},"32":{"start":{"line":91,"column":23},"end":{"line":91,"column":31}},"33":{"start":{"line":93,"column":4},"end":{"line":95,"column":5}},"34":{"start":{"line":94,"column":6},"end":{"line":94,"column":71}},"35":{"start":{"line":97,"column":19},"end":{"line":97,"column":60}},"36":{"start":{"line":99,"column":4},"end":{"line":101,"column":5}},"37":{"start":{"line":100,"column":6},"end":{"line":100,"column":67}},"38":{"start":{"line":103,"column":20},"end":{"line":103,"column":32}},"39":{"start":{"line":106,"column":4},"end":{"line":111,"column":28}},"40":{"start":{"line":113,"column":4},"end":{"line":113,"column":41}},"41":{"start":{"line":115,"column":4},"end":{"line":115,"column":60}},"42":{"start":{"line":116,"column":4},"end":{"line":116,"column":70}},"43":{"start":{"line":124,"column":29},"end":{"line":149,"column":1}},"44":{"start":{"line":125,"column":2},"end":{"line":148,"column":3}},"45":{"start":{"line":126,"column":15},"end":{"line":126,"column":36}},"46":{"start":{"line":128,"column":4},"end":{"line":130,"column":5}},"47":{"start":{"line":129,"column":6},"end":{"line":129,"column":68}},"48":{"start":{"line":132,"column":21},"end":{"line":132,"column":51}},"49":{"start":{"line":134,"column":4},"end":{"line":136,"column":5}},"50":{"start":{"line":135,"column":6},"end":{"line":135,"column":67}},"51":{"start":{"line":139,"column":4},"end":{"line":139,"column":69}},"52":{"start":{"line":141,"column":4},"end":{"line":144,"column":7}},"53":{"start":{"line":146,"column":4},"end":{"line":146,"column":59}},"54":{"start":{"line":147,"column":4},"end":{"line":147,"column":71}},"55":{"start":{"line":154,"column":32},"end":{"line":162,"column":1}},"56":{"start":{"line":155,"column":2},"end":{"line":161,"column":3}},"57":{"start":{"line":156,"column":18},"end":{"line":156,"column":49}},"58":{"start":{"line":157,"column":4},"end":{"line":157,"column":39}},"59":{"start":{"line":159,"column":4},"end":{"line":159,"column":56}},"60":{"start":{"line":160,"column":4},"end":{"line":160,"column":78}},"61":{"start":{"line":167,"column":34},"end":{"line":175,"column":1}},"62":{"start":{"line":168,"column":2},"end":{"line":174,"column":3}},"63":{"start":{"line":169,"column":18},"end":{"line":169,"column":51}},"64":{"start":{"line":170,"column":4},"end":{"line":170,"column":39}},"65":{"start":{"line":172,"column":4},"end":{"line":172,"column":58}},"66":{"start":{"line":173,"column":4},"end":{"line":173,"column":80}},"67":{"start":{"line":180,"column":31},"end":{"line":188,"column":1}},"68":{"start":{"line":181,"column":2},"end":{"line":187,"column":3}},"69":{"start":{"line":182,"column":18},"end":{"line":182,"column":48}},"70":{"start":{"line":183,"column":4},"end":{"line":183,"column":39}},"71":{"start":{"line":185,"column":4},"end":{"line":185,"column":55}},"72":{"start":{"line":186,"column":4},"end":{"line":186,"column":77}}},"fnMap":{"0":{"name":"(anonymous_0)","decl":{"start":{"line":22,"column":28},"end":{"line":22,"column":29}},"loc":{"start":{"line":22,"column":48},"end":{"line":40,"column":1}},"line":22},"1":{"name":"(anonymous_1)","decl":{"start":{"line":45,"column":26},"end":{"line":45,"column":27}},"loc":{"start":{"line":45,"column":46},"end":{"line":53,"column":1}},"line":45},"2":{"name":"(anonymous_2)","decl":{"start":{"line":58,"column":29},"end":{"line":58,"column":30}},"loc":{"start":{"line":58,"column":49},"end":{"line":77,"column":1}},"line":58},"3":{"name":"(anonymous_3)","decl":{"start":{"line":83,"column":28},"end":{"line":83,"column":29}},"loc":{"start":{"line":83,"column":48},"end":{"line":118,"column":1}},"line":83},"4":{"name":"(anonymous_4)","decl":{"start":{"line":124,"column":29},"end":{"line":124,"column":30}},"loc":{"start":{"line":124,"column":49},"end":{"line":149,"column":1}},"line":124},"5":{"name":"(anonymous_5)","decl":{"start":{"line":154,"column":32},"end":{"line":154,"column":33}},"loc":{"start":{"line":154,"column":52},"end":{"line":162,"column":1}},"line":154},"6":{"name":"(anonymous_6)","decl":{"start":{"line":167,"column":34},"end":{"line":167,"column":35}},"loc":{"start":{"line":167,"column":54},"end":{"line":175,"column":1}},"line":167},"7":{"name":"(anonymous_7)","decl":{"start":{"line":180,"column":31},"end":{"line":180,"column":32}},"loc":{"start":{"line":180,"column":51},"end":{"line":188,"column":1}},"line":180}},"branchMap":{"0":{"loc":{"start":{"line":26,"column":4},"end":{"line":28,"column":5}},"type":"if","locations":[{"start":{"line":26,"column":4},"end":{"line":28,"column":5}},{"start":{},"end":{}}],"line":26},"1":{"loc":{"start":{"line":26,"column":8},"end":{"line":26,"column":53}},"type":"binary-expr","locations":[{"start":{"line":26,"column":8},"end":{"line":26,"column":19}},{"start":{"line":26,"column":23},"end":{"line":26,"column":53}}],"line":26},"2":{"loc":{"start":{"line":62,"column":4},"end":{"line":64,"column":5}},"type":"if","locations":[{"start":{"line":62,"column":4},"end":{"line":64,"column":5}},{"start":{},"end":{}}],"line":62},"3":{"loc":{"start":{"line":62,"column":8},"end":{"line":62,"column":40}},"type":"binary-expr","locations":[{"start":{"line":62,"column":8},"end":{"line":62,"column":29}},{"start":{"line":62,"column":33},"end":{"line":62,"column":40}}],"line":62},"4":{"loc":{"start":{"line":68,"column":4},"end":{"line":70,"column":5}},"type":"if","locations":[{"start":{"line":68,"column":4},"end":{"line":70,"column":5}},{"start":{},"end":{}}],"line":68},"5":{"loc":{"start":{"line":87,"column":4},"end":{"line":89,"column":5}},"type":"if","locations":[{"start":{"line":87,"column":4},"end":{"line":89,"column":5}},{"start":{},"end":{}}],"line":87},"6":{"loc":{"start":{"line":87,"column":8},"end":{"line":87,"column":40}},"type":"binary-expr","locations":[{"start":{"line":87,"column":8},"end":{"line":87,"column":29}},{"start":{"line":87,"column":33},"end":{"line":87,"column":40}}],"line":87},"7":{"loc":{"start":{"line":93,"column":4},"end":{"line":95,"column":5}},"type":"if","locations":[{"start":{"line":93,"column":4},"end":{"line":95,"column":5}},{"start":{},"end":{}}],"line":93},"8":{"loc":{"start":{"line":93,"column":8},"end":{"line":93,"column":53}},"type":"binary-expr","locations":[{"start":{"line":93,"column":8},"end":{"line":93,"column":19}},{"start":{"line":93,"column":23},"end":{"line":93,"column":53}}],"line":93},"9":{"loc":{"start":{"line":99,"column":4},"end":{"line":101,"column":5}},"type":"if","locations":[{"start":{"line":99,"column":4},"end":{"line":101,"column":5}},{"start":{},"end":{}}],"line":99},"10":{"loc":{"start":{"line":128,"column":4},"end":{"line":130,"column":5}},"type":"if","locations":[{"start":{"line":128,"column":4},"end":{"line":130,"column":5}},{"start":{},"end":{}}],"line":128},"11":{"loc":{"start":{"line":128,"column":8},"end":{"line":128,"column":40}},"type":"binary-expr","locations":[{"start":{"line":128,"column":8},"end":{"line":128,"column":29}},{"start":{"line":128,"column":33},"end":{"line":128,"column":40}}],"line":128},"12":{"loc":{"start":{"line":134,"column":4},"end":{"line":136,"column":5}},"type":"if","locations":[{"start":{"line":134,"column":4},"end":{"line":136,"column":5}},{"start":{},"end":{}}],"line":134}},"s":{"0":2,"1":15,"2":15,"3":15,"4":1,"5":14,"6":13,"7":13,"8":1,"9":1,"10":2,"11":6,"12":6,"13":5,"14":1,"15":1,"16":2,"17":6,"18":6,"19":6,"20":2,"21":4,"22":4,"23":2,"24":2,"25":0,"26":0,"27":2,"28":6,"29":6,"30":6,"31":2,"32":4,"33":4,"34":0,"35":4,"36":4,"37":2,"38":2,"39":2,"40":2,"41":0,"42":0,"43":2,"44":5,"45":5,"46":5,"47":0,"48":5,"49":5,"50":2,"51":3,"52":3,"53":0,"54":0,"55":2,"56":0,"57":0,"58":0,"59":0,"60":0,"61":2,"62":0,"63":0,"64":0,"65":0,"66":0,"67":2,"68":0,"69":0,"70":0,"71":0,"72":0},"f":{"0":15,"1":6,"2":6,"3":6,"4":5,"5":0,"6":0,"7":0},"b":{"0":[1,14],"1":[15,14],"2":[2,4],"3":[6,4],"4":[2,2],"5":[2,4],"6":[6,6],"7":[0,4],"8":[4,4],"9":[2,2],"10":[0,5],"11":[5,5],"12":[2,3]},"inputSourceMap":null,"_coverageSchema":"1a1c01bbd47fc00a2c39e90264f33305004495a9","hash":"4c98eb64b0c7ffbd22a96008ec92752a77377bae"}
,"C:\\Users\\gonca\\Desktop\\UpSkill\\12-Computacao_em_nuvem\\gestor-tickets-webhooks-main\\server-main\\src\\controllers\\webhooksController.js": {"path":"C:\\Users\\gonca\\Desktop\\UpSkill\\12-Computacao_em_nuvem\\gestor-tickets-webhooks-main\\server-main\\src\\controllers\\webhooksController.js","statementMap":{"0":{"start":{"line":3,"column":29},"end":{"line":17,"column":1}},"1":{"start":{"line":4,"column":2},"end":{"line":16,"column":3}},"2":{"start":{"line":5,"column":19},"end":{"line":5,"column":55}},"3":{"start":{"line":7,"column":4},"end":{"line":9,"column":5}},"4":{"start":{"line":8,"column":6},"end":{"line":8,"column":73}},"5":{"start":{"line":12,"column":4},"end":{"line":12,"column":40}},"6":{"start":{"line":14,"column":4},"end":{"line":14,"column":60}},"7":{"start":{"line":15,"column":4},"end":{"line":15,"column":71}},"8":{"start":{"line":19,"column":28},"end":{"line":27,"column":1}},"9":{"start":{"line":20,"column":2},"end":{"line":26,"column":3}},"10":{"start":{"line":21,"column":18},"end":{"line":21,"column":45}},"11":{"start":{"line":22,"column":4},"end":{"line":22,"column":39}},"12":{"start":{"line":24,"column":4},"end":{"line":24,"column":59}},"13":{"start":{"line":25,"column":4},"end":{"line":25,"column":71}}},"fnMap":{"0":{"name":"(anonymous_0)","decl":{"start":{"line":3,"column":29},"end":{"line":3,"column":30}},"loc":{"start":{"line":3,"column":49},"end":{"line":17,"column":1}},"line":3},"1":{"name":"(anonymous_1)","decl":{"start":{"line":19,"column":28},"end":{"line":19,"column":29}},"loc":{"start":{"line":19,"column":48},"end":{"line":27,"column":1}},"line":19}},"branchMap":{"0":{"loc":{"start":{"line":7,"column":4},"end":{"line":9,"column":5}},"type":"if","locations":[{"start":{"line":7,"column":4},"end":{"line":9,"column":5}},{"start":{},"end":{}}],"line":7}},"s":{"0":1,"1":0,"2":0,"3":0,"4":0,"5":0,"6":0,"7":0,"8":1,"9":0,"10":0,"11":0,"12":0,"13":0},"f":{"0":0,"1":0},"b":{"0":[0,0]},"inputSourceMap":null,"_coverageSchema":"1a1c01bbd47fc00a2c39e90264f33305004495a9","hash":"5eaecc827bf578385e6e4692baedea81dc04a8ae"}
,"C:\\Users\\gonca\\Desktop\\UpSkill\\12-Computacao_em_nuvem\\gestor-tickets-webhooks-main\\server-main\\src\\db\\sqliteAsync.js": {"path":"C:\\Users\\gonca\\Desktop\\UpSkill\\12-Computacao_em_nuvem\\gestor-tickets-webhooks-main\\server-main\\src\\db\\sqliteAsync.js","statementMap":{"0":{"start":{"line":3,"column":2},"end":{"line":8,"column":5}},"1":{"start":{"line":4,"column":4},"end":{"line":7,"column":7}},"2":{"start":{"line":5,"column":6},"end":{"line":5,"column":34}},"3":{"start":{"line":5,"column":15},"end":{"line":5,"column":34}},"4":{"start":{"line":6,"column":6},"end":{"line":6,"column":19}},"5":{"start":{"line":12,"column":2},"end":{"line":17,"column":5}},"6":{"start":{"line":13,"column":4},"end":{"line":16,"column":7}},"7":{"start":{"line":14,"column":6},"end":{"line":14,"column":34}},"8":{"start":{"line":14,"column":15},"end":{"line":14,"column":34}},"9":{"start":{"line":15,"column":6},"end":{"line":15,"column":20}},"10":{"start":{"line":21,"column":2},"end":{"line":26,"column":5}},"11":{"start":{"line":22,"column":4},"end":{"line":25,"column":7}},"12":{"start":{"line":23,"column":6},"end":{"line":23,"column":34}},"13":{"start":{"line":23,"column":15},"end":{"line":23,"column":34}},"14":{"start":{"line":24,"column":6},"end":{"line":24,"column":62}},"15":{"start":{"line":30,"column":2},"end":{"line":35,"column":5}},"16":{"start":{"line":31,"column":4},"end":{"line":34,"column":7}},"17":{"start":{"line":32,"column":6},"end":{"line":32,"column":34}},"18":{"start":{"line":32,"column":15},"end":{"line":32,"column":34}},"19":{"start":{"line":33,"column":6},"end":{"line":33,"column":16}}},"fnMap":{"0":{"name":"dbGet","decl":{"start":{"line":2,"column":16},"end":{"line":2,"column":21}},"loc":{"start":{"line":2,"column":44},"end":{"line":9,"column":1}},"line":2},"1":{"name":"(anonymous_1)","decl":{"start":{"line":3,"column":21},"end":{"line":3,"column":22}},"loc":{"start":{"line":3,"column":42},"end":{"line":8,"column":3}},"line":3},"2":{"name":"(anonymous_2)","decl":{"start":{"line":4,"column":24},"end":{"line":4,"column":25}},"loc":{"start":{"line":4,"column":38},"end":{"line":7,"column":5}},"line":4},"3":{"name":"dbAll","decl":{"start":{"line":11,"column":16},"end":{"line":11,"column":21}},"loc":{"start":{"line":11,"column":44},"end":{"line":18,"column":1}},"line":11},"4":{"name":"(anonymous_4)","decl":{"start":{"line":12,"column":21},"end":{"line":12,"column":22}},"loc":{"start":{"line":12,"column":42},"end":{"line":17,"column":3}},"line":12},"5":{"name":"(anonymous_5)","decl":{"start":{"line":13,"column":24},"end":{"line":13,"column":25}},"loc":{"start":{"line":13,"column":39},"end":{"line":16,"column":5}},"line":13},"6":{"name":"dbRun","decl":{"start":{"line":20,"column":16},"end":{"line":20,"column":21}},"loc":{"start":{"line":20,"column":44},"end":{"line":27,"column":1}},"line":20},"7":{"name":"(anonymous_7)","decl":{"start":{"line":21,"column":21},"end":{"line":21,"column":22}},"loc":{"start":{"line":21,"column":42},"end":{"line":26,"column":3}},"line":21},"8":{"name":"(anonymous_8)","decl":{"start":{"line":22,"column":24},"end":{"line":22,"column":25}},"loc":{"start":{"line":22,"column":39},"end":{"line":25,"column":5}},"line":22},"9":{"name":"dbExec","decl":{"start":{"line":29,"column":16},"end":{"line":29,"column":22}},"loc":{"start":{"line":29,"column":32},"end":{"line":36,"column":1}},"line":29},"10":{"name":"(anonymous_10)","decl":{"start":{"line":30,"column":21},"end":{"line":30,"column":22}},"loc":{"start":{"line":30,"column":42},"end":{"line":35,"column":3}},"line":30},"11":{"name":"(anonymous_11)","decl":{"start":{"line":31,"column":17},"end":{"line":31,"column":18}},"loc":{"start":{"line":31,"column":26},"end":{"line":34,"column":5}},"line":31}},"branchMap":{"0":{"loc":{"start":{"line":2,"column":31},"end":{"line":2,"column":42}},"type":"default-arg","locations":[{"start":{"line":2,"column":40},"end":{"line":2,"column":42}}],"line":2},"1":{"loc":{"start":{"line":5,"column":6},"end":{"line":5,"column":34}},"type":"if","locations":[{"start":{"line":5,"column":6},"end":{"line":5,"column":34}},{"start":{},"end":{}}],"line":5},"2":{"loc":{"start":{"line":11,"column":31},"end":{"line":11,"column":42}},"type":"default-arg","locations":[{"start":{"line":11,"column":40},"end":{"line":11,"column":42}}],"line":11},"3":{"loc":{"start":{"line":14,"column":6},"end":{"line":14,"column":34}},"type":"if","locations":[{"start":{"line":14,"column":6},"end":{"line":14,"column":34}},{"start":{},"end":{}}],"line":14},"4":{"loc":{"start":{"line":20,"column":31},"end":{"line":20,"column":42}},"type":"default-arg","locations":[{"start":{"line":20,"column":40},"end":{"line":20,"column":42}}],"line":20},"5":{"loc":{"start":{"line":23,"column":6},"end":{"line":23,"column":34}},"type":"if","locations":[{"start":{"line":23,"column":6},"end":{"line":23,"column":34}},{"start":{},"end":{}}],"line":23},"6":{"loc":{"start":{"line":32,"column":6},"end":{"line":32,"column":34}},"type":"if","locations":[{"start":{"line":32,"column":6},"end":{"line":32,"column":34}},{"start":{},"end":{}}],"line":32}},"s":{"0":65,"1":65,"2":65,"3":0,"4":65,"5":10,"6":10,"7":10,"8":0,"9":10,"10":39,"11":39,"12":39,"13":0,"14":39,"15":32,"16":32,"17":32,"18":0,"19":32},"f":{"0":65,"1":65,"2":65,"3":10,"4":10,"5":10,"6":39,"7":39,"8":39,"9":32,"10":32,"11":32},"b":{"0":[0],"1":[0,65],"2":[0],"3":[0,10],"4":[0],"5":[0,39],"6":[0,32]},"inputSourceMap":null,"_coverageSchema":"1a1c01bbd47fc00a2c39e90264f33305004495a9","hash":"3af22aa0c5e934b56f5ea4501f480223b58148db"}
,"C:\\Users\\gonca\\Desktop\\UpSkill\\12-Computacao_em_nuvem\\gestor-tickets-webhooks-main\\server-main\\src\\repositories\\ticketsRepository.js": {"path":"C:\\Users\\gonca\\Desktop\\UpSkill\\12-Computacao_em_nuvem\\gestor-tickets-webhooks-main\\server-main\\src\\repositories\\ticketsRepository.js","statementMap":{"0":{"start":{"line":15,"column":18},"end":{"line":15,"column":54}},"1":{"start":{"line":16,"column":17},"end":{"line":16,"column":55}},"2":{"start":{"line":18,"column":14},"end":{"line":25,"column":3}},"3":{"start":{"line":27,"column":17},"end":{"line":38,"column":3}},"4":{"start":{"line":40,"column":17},"end":{"line":40,"column":50}},"5":{"start":{"line":41,"column":2},"end":{"line":41,"column":24}},"6":{"start":{"line":49,"column":14},"end":{"line":57,"column":3}},"7":{"start":{"line":59,"column":17},"end":{"line":70,"column":3}},"8":{"start":{"line":72,"column":17},"end":{"line":72,"column":52}},"9":{"start":{"line":73,"column":2},"end":{"line":73,"column":23}},"10":{"start":{"line":81,"column":14},"end":{"line":81,"column":50}},"11":{"start":{"line":82,"column":14},"end":{"line":82,"column":47}},"12":{"start":{"line":84,"column":2},"end":{"line":84,"column":24}},"13":{"start":{"line":84,"column":12},"end":{"line":84,"column":24}},"14":{"start":{"line":85,"column":2},"end":{"line":85,"column":13}},"15":{"start":{"line":93,"column":14},"end":{"line":107,"column":3}},"16":{"start":{"line":109,"column":17},"end":{"line":121,"column":3}},"17":{"start":{"line":123,"column":17},"end":{"line":123,"column":52}},"18":{"start":{"line":124,"column":2},"end":{"line":124,"column":24}},"19":{"start":{"line":132,"column":14},"end":{"line":132,"column":60}},"20":{"start":{"line":133,"column":17},"end":{"line":133,"column":50}},"21":{"start":{"line":135,"column":2},"end":{"line":135,"column":24}},"22":{"start":{"line":143,"column":14},"end":{"line":149,"column":3}},"23":{"start":{"line":151,"column":15},"end":{"line":151,"column":70}},"24":{"start":{"line":152,"column":2},"end":{"line":152,"column":14}},"25":{"start":{"line":160,"column":14},"end":{"line":164,"column":3}},"26":{"start":{"line":166,"column":14},"end":{"line":166,"column":49}},"27":{"start":{"line":169,"column":2},"end":{"line":169,"column":70}},"28":{"start":{"line":169,"column":61},"end":{"line":169,"column":70}},"29":{"start":{"line":171,"column":2},"end":{"line":171,"column":19}}},"fnMap":{"0":{"name":"insertTicket","decl":{"start":{"line":14,"column":22},"end":{"line":14,"column":34}},"loc":{"start":{"line":14,"column":60},"end":{"line":42,"column":1}},"line":14},"1":{"name":"createTicket","decl":{"start":{"line":48,"column":22},"end":{"line":48,"column":34}},"loc":{"start":{"line":48,"column":43},"end":{"line":74,"column":1}},"line":48},"2":{"name":"getTicketById","decl":{"start":{"line":80,"column":22},"end":{"line":80,"column":35}},"loc":{"start":{"line":80,"column":40},"end":{"line":86,"column":1}},"line":80},"3":{"name":"updateTicket","decl":{"start":{"line":92,"column":22},"end":{"line":92,"column":34}},"loc":{"start":{"line":92,"column":48},"end":{"line":125,"column":1}},"line":92},"4":{"name":"archiveTicket","decl":{"start":{"line":131,"column":22},"end":{"line":131,"column":35}},"loc":{"start":{"line":131,"column":40},"end":{"line":136,"column":1}},"line":131},"5":{"name":"listTickets","decl":{"start":{"line":142,"column":22},"end":{"line":142,"column":33}},"loc":{"start":{"line":142,"column":67},"end":{"line":153,"column":1}},"line":142},"6":{"name":"countTickets","decl":{"start":{"line":159,"column":22},"end":{"line":159,"column":34}},"loc":{"start":{"line":159,"column":53},"end":{"line":172,"column":1}},"line":159}},"branchMap":{"0":{"loc":{"start":{"line":15,"column":18},"end":{"line":15,"column":54}},"type":"cond-expr","locations":[{"start":{"line":15,"column":32},"end":{"line":15,"column":42}},{"start":{"line":15,"column":45},"end":{"line":15,"column":54}}],"line":15},"1":{"loc":{"start":{"line":16,"column":17},"end":{"line":16,"column":55}},"type":"cond-expr","locations":[{"start":{"line":16,"column":31},"end":{"line":16,"column":42}},{"start":{"line":16,"column":45},"end":{"line":16,"column":55}}],"line":16},"2":{"loc":{"start":{"line":60,"column":4},"end":{"line":60,"column":25}},"type":"binary-expr","locations":[{"start":{"line":60,"column":4},"end":{"line":60,"column":17}},{"start":{"line":60,"column":21},"end":{"line":60,"column":25}}],"line":60},"3":{"loc":{"start":{"line":61,"column":4},"end":{"line":61,"column":24}},"type":"binary-expr","locations":[{"start":{"line":61,"column":4},"end":{"line":61,"column":16}},{"start":{"line":61,"column":20},"end":{"line":61,"column":24}}],"line":61},"4":{"loc":{"start":{"line":62,"column":4},"end":{"line":62,"column":27}},"type":"binary-expr","locations":[{"start":{"line":62,"column":4},"end":{"line":62,"column":19}},{"start":{"line":62,"column":23},"end":{"line":62,"column":27}}],"line":62},"5":{"loc":{"start":{"line":63,"column":4},"end":{"line":63,"column":27}},"type":"binary-expr","locations":[{"start":{"line":63,"column":4},"end":{"line":63,"column":17}},{"start":{"line":63,"column":21},"end":{"line":63,"column":27}}],"line":63},"6":{"loc":{"start":{"line":64,"column":4},"end":{"line":64,"column":25}},"type":"binary-expr","locations":[{"start":{"line":64,"column":4},"end":{"line":64,"column":17}},{"start":{"line":64,"column":21},"end":{"line":64,"column":25}}],"line":64},"7":{"loc":{"start":{"line":65,"column":4},"end":{"line":65,"column":26}},"type":"binary-expr","locations":[{"start":{"line":65,"column":4},"end":{"line":65,"column":18}},{"start":{"line":65,"column":22},"end":{"line":65,"column":26}}],"line":65},"8":{"loc":{"start":{"line":66,"column":4},"end":{"line":66,"column":27}},"type":"binary-expr","locations":[{"start":{"line":66,"column":4},"end":{"line":66,"column":19}},{"start":{"line":66,"column":23},"end":{"line":66,"column":27}}],"line":66},"9":{"loc":{"start":{"line":67,"column":4},"end":{"line":67,"column":47}},"type":"binary-expr","locations":[{"start":{"line":67,"column":4},"end":{"line":67,"column":19}},{"start":{"line":67,"column":23},"end":{"line":67,"column":47}}],"line":67},"10":{"loc":{"start":{"line":68,"column":4},"end":{"line":68,"column":31}},"type":"binary-expr","locations":[{"start":{"line":68,"column":4},"end":{"line":68,"column":23}},{"start":{"line":68,"column":27},"end":{"line":68,"column":31}}],"line":68},"11":{"loc":{"start":{"line":69,"column":4},"end":{"line":69,"column":28}},"type":"binary-expr","locations":[{"start":{"line":69,"column":4},"end":{"line":69,"column":20}},{"start":{"line":69,"column":24},"end":{"line":69,"column":28}}],"line":69},"12":{"loc":{"start":{"line":84,"column":2},"end":{"line":84,"column":24}},"type":"if","locations":[{"start":{"line":84,"column":2},"end":{"line":84,"column":24}},{"start":{},"end":{}}],"line":84},"13":{"loc":{"start":{"line":169,"column":2},"end":{"line":169,"column":70}},"type":"if","locations":[{"start":{"line":169,"column":2},"end":{"line":169,"column":70}},{"start":{},"end":{}}],"line":169},"14":{"loc":{"start":{"line":169,"column":6},"end":{"line":169,"column":59}},"type":"binary-expr","locations":[{"start":{"line":169,"column":6},"end":{"line":169,"column":10}},{"start":{"line":169,"column":14},"end":{"line":169,"column":37}},{"start":{"line":169,"column":41},"end":{"line":169,"column":59}}],"line":169}},"s":{"0":0,"1":0,"2":0,"3":0,"4":0,"5":0,"6":32,"7":32,"8":32,"9":32,"10":57,"11":57,"12":57,"13":7,"14":50,"15":5,"16":5,"17":5,"18":5,"19":6,"20":6,"21":6,"22":11,"23":11,"24":11,"25":12,"26":12,"27":12,"28":1,"29":11},"f":{"0":0,"1":32,"2":57,"3":5,"4":6,"5":11,"6":12},"b":{"0":[0,0],"1":[0,0],"2":[32,0],"3":[32,31],"4":[32,32],"5":[32,1],"6":[32,32],"7":[32,32],"8":[32,28],"9":[32,32],"10":[32,32],"11":[32,32],"12":[7,50],"13":[1,11],"14":[12,11,11]},"inputSourceMap":null,"_coverageSchema":"1a1c01bbd47fc00a2c39e90264f33305004495a9","hash":"485438fae65976112d27764a66520a9de0073b14"}
,"C:\\Users\\gonca\\Desktop\\UpSkill\\12-Computacao_em_nuvem\\gestor-tickets-webhooks-main\\server-main\\src\\repositories\\ticketsStatsRepository.js": {"path":"C:\\Users\\gonca\\Desktop\\UpSkill\\12-Computacao_em_nuvem\\gestor-tickets-webhooks-main\\server-main\\src\\repositories\\ticketsStatsRepository.js","statementMap":{"0":{"start":{"line":10,"column":14},"end":{"line":16,"column":3}},"1":{"start":{"line":18,"column":15},"end":{"line":18,"column":46}},"2":{"start":{"line":19,"column":2},"end":{"line":19,"column":14}},"3":{"start":{"line":26,"column":14},"end":{"line":32,"column":3}},"4":{"start":{"line":34,"column":15},"end":{"line":34,"column":46}},"5":{"start":{"line":35,"column":2},"end":{"line":35,"column":14}},"6":{"start":{"line":42,"column":14},"end":{"line":48,"column":3}},"7":{"start":{"line":50,"column":15},"end":{"line":50,"column":46}},"8":{"start":{"line":51,"column":2},"end":{"line":51,"column":14}}},"fnMap":{"0":{"name":"getStatsByStatus","decl":{"start":{"line":9,"column":22},"end":{"line":9,"column":38}},"loc":{"start":{"line":9,"column":41},"end":{"line":20,"column":1}},"line":9},"1":{"name":"getStatsByPriority","decl":{"start":{"line":25,"column":22},"end":{"line":25,"column":40}},"loc":{"start":{"line":25,"column":43},"end":{"line":36,"column":1}},"line":25},"2":{"name":"getStatsByCiCat","decl":{"start":{"line":41,"column":22},"end":{"line":41,"column":37}},"loc":{"start":{"line":41,"column":40},"end":{"line":52,"column":1}},"line":41}},"branchMap":{},"s":{"0":0,"1":0,"2":0,"3":0,"4":0,"5":0,"6":0,"7":0,"8":0},"f":{"0":0,"1":0,"2":0},"b":{},"inputSourceMap":null,"_coverageSchema":"1a1c01bbd47fc00a2c39e90264f33305004495a9","hash":"7fce052fd41cfb4a835af046fc99e7717f9ce106"}
,"C:\\Users\\gonca\\Desktop\\UpSkill\\12-Computacao_em_nuvem\\gestor-tickets-webhooks-main\\server-main\\src\\repositories\\webhooksRepository.js": {"path":"C:\\Users\\gonca\\Desktop\\UpSkill\\12-Computacao_em_nuvem\\gestor-tickets-webhooks-main\\server-main\\src\\repositories\\webhooksRepository.js","statementMap":{"0":{"start":{"line":14,"column":14},"end":{"line":17,"column":3}},"1":{"start":{"line":19,"column":17},"end":{"line":19,"column":58}},"2":{"start":{"line":23,"column":2},"end":{"line":23,"column":48}},"3":{"start":{"line":23,"column":39},"end":{"line":23,"column":48}},"4":{"start":{"line":25,"column":2},"end":{"line":25,"column":28}},"5":{"start":{"line":32,"column":14},"end":{"line":36,"column":3}},"6":{"start":{"line":38,"column":15},"end":{"line":38,"column":46}},"7":{"start":{"line":39,"column":2},"end":{"line":39,"column":14}},"8":{"start":{"line":46,"column":14},"end":{"line":51,"column":3}},"9":{"start":{"line":53,"column":15},"end":{"line":53,"column":51}},"10":{"start":{"line":54,"column":2},"end":{"line":54,"column":14}}},"fnMap":{"0":{"name":"createWebhook","decl":{"start":{"line":13,"column":22},"end":{"line":13,"column":35}},"loc":{"start":{"line":13,"column":52},"end":{"line":26,"column":1}},"line":13},"1":{"name":"listWebhooks","decl":{"start":{"line":31,"column":22},"end":{"line":31,"column":34}},"loc":{"start":{"line":31,"column":37},"end":{"line":40,"column":1}},"line":31},"2":{"name":"listActiveWebhooksByEvent","decl":{"start":{"line":45,"column":22},"end":{"line":45,"column":47}},"loc":{"start":{"line":45,"column":55},"end":{"line":55,"column":1}},"line":45}},"branchMap":{"0":{"loc":{"start":{"line":23,"column":2},"end":{"line":23,"column":48}},"type":"if","locations":[{"start":{"line":23,"column":2},"end":{"line":23,"column":48}},{"start":{},"end":{}}],"line":23},"1":{"loc":{"start":{"line":23,"column":6},"end":{"line":23,"column":37}},"type":"binary-expr","locations":[{"start":{"line":23,"column":6},"end":{"line":23,"column":13}},{"start":{"line":23,"column":17},"end":{"line":23,"column":37}}],"line":23},"2":{"loc":{"start":{"line":25,"column":9},"end":{"line":25,"column":27}},"type":"binary-expr","locations":[{"start":{"line":25,"column":9},"end":{"line":25,"column":22}},{"start":{"line":25,"column":26},"end":{"line":25,"column":27}}],"line":25}},"s":{"0":0,"1":0,"2":0,"3":0,"4":0,"5":0,"6":0,"7":0,"8":0,"9":0,"10":0},"f":{"0":0,"1":0,"2":0},"b":{"0":[0,0],"1":[0,0],"2":[0,0]},"inputSourceMap":null,"_coverageSchema":"1a1c01bbd47fc00a2c39e90264f33305004495a9","hash":"62e99261a78942fc39a082afb0954cc3f720f420"}
,"C:\\Users\\gonca\\Desktop\\UpSkill\\12-Computacao_em_nuvem\\gestor-tickets-webhooks-main\\server-main\\src\\routes\\healthRoutes.js": {"path":"C:\\Users\\gonca\\Desktop\\UpSkill\\12-Computacao_em_nuvem\\gestor-tickets-webhooks-main\\server-main\\src\\routes\\healthRoutes.js","statementMap":{"0":{"start":{"line":4,"column":15},"end":{"line":4,"column":23}},"1":{"start":{"line":5,"column":0},"end":{"line":5,"column":27}}},"fnMap":{},"branchMap":{},"s":{"0":1,"1":1},"f":{},"b":{},"inputSourceMap":null,"_coverageSchema":"1a1c01bbd47fc00a2c39e90264f33305004495a9","hash":"b54e16bbb79d1746d5181fbd9a1cdc6a824ebb7a"}
,"C:\\Users\\gonca\\Desktop\\UpSkill\\12-Computacao_em_nuvem\\gestor-tickets-webhooks-main\\server-main\\src\\routes\\ticketsRoutes.js": {"path":"C:\\Users\\gonca\\Desktop\\UpSkill\\12-Computacao_em_nuvem\\gestor-tickets-webhooks-main\\server-main\\src\\routes\\ticketsRoutes.js","statementMap":{"0":{"start":{"line":13,"column":15},"end":{"line":13,"column":23}},"1":{"start":{"line":16,"column":0},"end":{"line":16,"column":31}},"2":{"start":{"line":17,"column":0},"end":{"line":17,"column":28}},"3":{"start":{"line":18,"column":0},"end":{"line":18,"column":49}},"4":{"start":{"line":19,"column":0},"end":{"line":19,"column":53}},"5":{"start":{"line":20,"column":0},"end":{"line":20,"column":47}},"6":{"start":{"line":21,"column":0},"end":{"line":21,"column":34}},"7":{"start":{"line":22,"column":0},"end":{"line":22,"column":33}},"8":{"start":{"line":25,"column":0},"end":{"line":25,"column":37}}},"fnMap":{},"branchMap":{},"s":{"0":1,"1":1,"2":1,"3":1,"4":1,"5":1,"6":1,"7":1,"8":1},"f":{},"b":{},"inputSourceMap":null,"_coverageSchema":"1a1c01bbd47fc00a2c39e90264f33305004495a9","hash":"fa7b64c890311c3b546e2594a5877251194d7057"}
,"C:\\Users\\gonca\\Desktop\\UpSkill\\12-Computacao_em_nuvem\\gestor-tickets-webhooks-main\\server-main\\src\\routes\\webhooksRoutes.js": {"path":"C:\\Users\\gonca\\Desktop\\UpSkill\\12-Computacao_em_nuvem\\gestor-tickets-webhooks-main\\server-main\\src\\routes\\webhooksRoutes.js","statementMap":{"0":{"start":{"line":4,"column":15},"end":{"line":4,"column":23}},"1":{"start":{"line":6,"column":0},"end":{"line":6,"column":32}},"2":{"start":{"line":7,"column":0},"end":{"line":7,"column":30}}},"fnMap":{},"branchMap":{},"s":{"0":1,"1":1,"2":1},"f":{},"b":{},"inputSourceMap":null,"_coverageSchema":"1a1c01bbd47fc00a2c39e90264f33305004495a9","hash":"0d84f81bb0967f547de51fbb3993eb3115995c47"}
,"C:\\Users\\gonca\\Desktop\\UpSkill\\12-Computacao_em_nuvem\\gestor-tickets-webhooks-main\\server-main\\src\\services\\ticketsService.js": {"path":"C:\\Users\\gonca\\Desktop\\UpSkill\\12-Computacao_em_nuvem\\gestor-tickets-webhooks-main\\server-main\\src\\services\\ticketsService.js","statementMap":{"0":{"start":{"line":14,"column":35},"end":{"line":17,"column":1}},"1":{"start":{"line":15,"column":13},"end":{"line":15,"column":43}},"2":{"start":{"line":16,"column":2},"end":{"line":16,"column":33}},"3":{"start":{"line":24,"column":33},"end":{"line":50,"column":1}},"4":{"start":{"line":25,"column":16},"end":{"line":25,"column":66}},"5":{"start":{"line":26,"column":17},"end":{"line":26,"column":69}},"6":{"start":{"line":29,"column":19},"end":{"line":29,"column":49}},"7":{"start":{"line":31,"column":16},"end":{"line":31,"column":45}},"8":{"start":{"line":32,"column":17},"end":{"line":32,"column":27}},"9":{"start":{"line":35,"column":2},"end":{"line":35,"column":76}},"10":{"start":{"line":35,"column":22},"end":{"line":35,"column":47}},"11":{"start":{"line":35,"column":48},"end":{"line":35,"column":74}},"12":{"start":{"line":36,"column":2},"end":{"line":36,"column":82}},"13":{"start":{"line":36,"column":24},"end":{"line":36,"column":51}},"14":{"start":{"line":36,"column":52},"end":{"line":36,"column":80}},"15":{"start":{"line":37,"column":2},"end":{"line":37,"column":76}},"16":{"start":{"line":37,"column":22},"end":{"line":37,"column":47}},"17":{"start":{"line":37,"column":48},"end":{"line":37,"column":74}},"18":{"start":{"line":38,"column":2},"end":{"line":38,"column":79}},"19":{"start":{"line":38,"column":23},"end":{"line":38,"column":49}},"20":{"start":{"line":38,"column":50},"end":{"line":38,"column":77}},"21":{"start":{"line":41,"column":2},"end":{"line":41,"column":73}},"22":{"start":{"line":41,"column":21},"end":{"line":41,"column":45}},"23":{"start":{"line":41,"column":46},"end":{"line":41,"column":71}},"24":{"start":{"line":44,"column":19},"end":{"line":44,"column":49}},"25":{"start":{"line":46,"column":16},"end":{"line":46,"column":52}},"26":{"start":{"line":47,"column":18},"end":{"line":47,"column":68}},"27":{"start":{"line":49,"column":2},"end":{"line":49,"column":43}},"28":{"start":{"line":55,"column":36},"end":{"line":57,"column":1}},"29":{"start":{"line":56,"column":2},"end":{"line":56,"column":33}},"30":{"start":{"line":63,"column":35},"end":{"line":105,"column":1}},"31":{"start":{"line":64,"column":19},"end":{"line":64,"column":42}},"32":{"start":{"line":65,"column":2},"end":{"line":65,"column":29}},"33":{"start":{"line":65,"column":17},"end":{"line":65,"column":29}},"34":{"start":{"line":67,"column":18},"end":{"line":80,"column":3}},"35":{"start":{"line":82,"column":18},"end":{"line":82,"column":49}},"36":{"start":{"line":83,"column":2},"end":{"line":83,"column":28}},"37":{"start":{"line":83,"column":16},"end":{"line":83,"column":28}},"38":{"start":{"line":85,"column":16},"end":{"line":85,"column":39}},"39":{"start":{"line":86,"column":2},"end":{"line":86,"column":26}},"40":{"start":{"line":86,"column":14},"end":{"line":86,"column":26}},"41":{"start":{"line":89,"column":24},"end":{"line":89,"column":26}},"42":{"start":{"line":90,"column":2},"end":{"line":98,"column":5}},"43":{"start":{"line":92,"column":24},"end":{"line":92,"column":37}},"44":{"start":{"line":93,"column":23},"end":{"line":93,"column":33}},"45":{"start":{"line":95,"column":4},"end":{"line":97,"column":5}},"46":{"start":{"line":96,"column":6},"end":{"line":96,"column":65}},"47":{"start":{"line":100,"column":2},"end":{"line":104,"column":4}},"48":{"start":{"line":110,"column":36},"end":{"line":118,"column":1}},"49":{"start":{"line":111,"column":19},"end":{"line":111,"column":42}},"50":{"start":{"line":112,"column":2},"end":{"line":112,"column":29}},"51":{"start":{"line":112,"column":17},"end":{"line":112,"column":29}},"52":{"start":{"line":114,"column":18},"end":{"line":114,"column":41}},"53":{"start":{"line":115,"column":2},"end":{"line":115,"column":28}},"54":{"start":{"line":115,"column":16},"end":{"line":115,"column":28}},"55":{"start":{"line":117,"column":2},"end":{"line":117,"column":33}}},"fnMap":{"0":{"name":"(anonymous_0)","decl":{"start":{"line":14,"column":35},"end":{"line":14,"column":36}},"loc":{"start":{"line":14,"column":57},"end":{"line":17,"column":1}},"line":14},"1":{"name":"(anonymous_1)","decl":{"start":{"line":24,"column":33},"end":{"line":24,"column":34}},"loc":{"start":{"line":24,"column":50},"end":{"line":50,"column":1}},"line":24},"2":{"name":"(anonymous_2)","decl":{"start":{"line":55,"column":36},"end":{"line":55,"column":37}},"loc":{"start":{"line":55,"column":50},"end":{"line":57,"column":1}},"line":55},"3":{"name":"(anonymous_3)","decl":{"start":{"line":63,"column":35},"end":{"line":63,"column":36}},"loc":{"start":{"line":63,"column":61},"end":{"line":105,"column":1}},"line":63},"4":{"name":"(anonymous_4)","decl":{"start":{"line":90,"column":29},"end":{"line":90,"column":30}},"loc":{"start":{"line":90,"column":38},"end":{"line":98,"column":3}},"line":90},"5":{"name":"(anonymous_5)","decl":{"start":{"line":110,"column":36},"end":{"line":110,"column":37}},"loc":{"start":{"line":110,"column":50},"end":{"line":118,"column":1}},"line":110}},"branchMap":{"0":{"loc":{"start":{"line":25,"column":16},"end":{"line":25,"column":66}},"type":"cond-expr","locations":[{"start":{"line":25,"column":42},"end":{"line":25,"column":61}},{"start":{"line":25,"column":64},"end":{"line":25,"column":66}}],"line":25},"1":{"loc":{"start":{"line":26,"column":17},"end":{"line":26,"column":69}},"type":"cond-expr","locations":[{"start":{"line":26,"column":45},"end":{"line":26,"column":65}},{"start":{"line":26,"column":68},"end":{"line":26,"column":69}}],"line":26},"2":{"loc":{"start":{"line":29,"column":19},"end":{"line":29,"column":49}},"type":"cond-expr","locations":[{"start":{"line":29,"column":44},"end":{"line":29,"column":45}},{"start":{"line":29,"column":48},"end":{"line":29,"column":49}}],"line":29},"3":{"loc":{"start":{"line":35,"column":2},"end":{"line":35,"column":76}},"type":"if","locations":[{"start":{"line":35,"column":2},"end":{"line":35,"column":76}},{"start":{},"end":{}}],"line":35},"4":{"loc":{"start":{"line":36,"column":2},"end":{"line":36,"column":82}},"type":"if","locations":[{"start":{"line":36,"column":2},"end":{"line":36,"column":82}},{"start":{},"end":{}}],"line":36},"5":{"loc":{"start":{"line":37,"column":2},"end":{"line":37,"column":76}},"type":"if","locations":[{"start":{"line":37,"column":2},"end":{"line":37,"column":76}},{"start":{},"end":{}}],"line":37},"6":{"loc":{"start":{"line":38,"column":2},"end":{"line":38,"column":79}},"type":"if","locations":[{"start":{"line":38,"column":2},"end":{"line":38,"column":79}},{"start":{},"end":{}}],"line":38},"7":{"loc":{"start":{"line":41,"column":2},"end":{"line":41,"column":73}},"type":"if","locations":[{"start":{"line":41,"column":2},"end":{"line":41,"column":73}},{"start":{},"end":{}}],"line":41},"8":{"loc":{"start":{"line":65,"column":2},"end":{"line":65,"column":29}},"type":"if","locations":[{"start":{"line":65,"column":2},"end":{"line":65,"column":29}},{"start":{},"end":{}}],"line":65},"9":{"loc":{"start":{"line":68,"column":12},"end":{"line":68,"column":81}},"type":"cond-expr","locations":[{"start":{"line":68,"column":46},"end":{"line":68,"column":63}},{"start":{"line":68,"column":66},"end":{"line":68,"column":81}}],"line":68},"10":{"loc":{"start":{"line":69,"column":11},"end":{"line":69,"column":77}},"type":"cond-expr","locations":[{"start":{"line":69,"column":44},"end":{"line":69,"column":60}},{"start":{"line":69,"column":63},"end":{"line":69,"column":77}}],"line":69},"11":{"loc":{"start":{"line":70,"column":14},"end":{"line":70,"column":89}},"type":"cond-expr","locations":[{"start":{"line":70,"column":50},"end":{"line":70,"column":69}},{"start":{"line":70,"column":72},"end":{"line":70,"column":89}}],"line":70},"12":{"loc":{"start":{"line":72,"column":12},"end":{"line":72,"column":81}},"type":"cond-expr","locations":[{"start":{"line":72,"column":46},"end":{"line":72,"column":63}},{"start":{"line":72,"column":66},"end":{"line":72,"column":81}}],"line":72},"13":{"loc":{"start":{"line":73,"column":12},"end":{"line":73,"column":81}},"type":"cond-expr","locations":[{"start":{"line":73,"column":46},"end":{"line":73,"column":63}},{"start":{"line":73,"column":66},"end":{"line":73,"column":81}}],"line":73},"14":{"loc":{"start":{"line":74,"column":13},"end":{"line":74,"column":85}},"type":"cond-expr","locations":[{"start":{"line":74,"column":48},"end":{"line":74,"column":66}},{"start":{"line":74,"column":69},"end":{"line":74,"column":85}}],"line":74},"15":{"loc":{"start":{"line":75,"column":14},"end":{"line":75,"column":89}},"type":"cond-expr","locations":[{"start":{"line":75,"column":50},"end":{"line":75,"column":69}},{"start":{"line":75,"column":72},"end":{"line":75,"column":89}}],"line":75},"16":{"loc":{"start":{"line":77,"column":14},"end":{"line":77,"column":89}},"type":"cond-expr","locations":[{"start":{"line":77,"column":50},"end":{"line":77,"column":69}},{"start":{"line":77,"column":72},"end":{"line":77,"column":89}}],"line":77},"17":{"loc":{"start":{"line":78,"column":18},"end":{"line":78,"column":105}},"type":"cond-expr","locations":[{"start":{"line":78,"column":58},"end":{"line":78,"column":81}},{"start":{"line":78,"column":84},"end":{"line":78,"column":105}}],"line":78},"18":{"loc":{"start":{"line":79,"column":15},"end":{"line":79,"column":93}},"type":"cond-expr","locations":[{"start":{"line":79,"column":52},"end":{"line":79,"column":72}},{"start":{"line":79,"column":75},"end":{"line":79,"column":93}}],"line":79},"19":{"loc":{"start":{"line":83,"column":2},"end":{"line":83,"column":28}},"type":"if","locations":[{"start":{"line":83,"column":2},"end":{"line":83,"column":28}},{"start":{},"end":{}}],"line":83},"20":{"loc":{"start":{"line":86,"column":2},"end":{"line":86,"column":26}},"type":"if","locations":[{"start":{"line":86,"column":2},"end":{"line":86,"column":26}},{"start":{},"end":{}}],"line":86},"21":{"loc":{"start":{"line":95,"column":4},"end":{"line":97,"column":5}},"type":"if","locations":[{"start":{"line":95,"column":4},"end":{"line":97,"column":5}},{"start":{},"end":{}}],"line":95},"22":{"loc":{"start":{"line":112,"column":2},"end":{"line":112,"column":29}},"type":"if","locations":[{"start":{"line":112,"column":2},"end":{"line":112,"column":29}},{"start":{},"end":{}}],"line":112},"23":{"loc":{"start":{"line":115,"column":2},"end":{"line":115,"column":28}},"type":"if","locations":[{"start":{"line":115,"column":2},"end":{"line":115,"column":28}},{"start":{},"end":{}}],"line":115}},"s":{"0":3,"1":32,"2":32,"3":3,"4":14,"5":14,"6":14,"7":14,"8":14,"9":14,"10":3,"11":3,"12":14,"13":1,"14":1,"15":14,"16":0,"17":0,"18":14,"19":0,"20":0,"21":14,"22":0,"23":0,"24":14,"25":14,"26":14,"27":14,"28":3,"29":6,"30":3,"31":8,"32":8,"33":3,"34":5,"35":5,"36":5,"37":1,"38":4,"39":4,"40":0,"41":4,"42":4,"43":39,"44":39,"45":39,"46":3,"47":4,"48":3,"49":9,"50":9,"51":3,"52":6,"53":6,"54":0,"55":6},"f":{"0":32,"1":14,"2":6,"3":8,"4":39,"5":9},"b":{"0":[4,10],"1":[4,10],"2":[1,13],"3":[3,11],"4":[1,13],"5":[0,14],"6":[0,14],"7":[0,14],"8":[3,5],"9":[0,5],"10":[0,5],"11":[0,5],"12":[5,0],"13":[0,5],"14":[0,5],"15":[0,5],"16":[0,5],"17":[0,5],"18":[0,5],"19":[1,4],"20":[0,4],"21":[3,36],"22":[3,6],"23":[0,6]},"inputSourceMap":null,"_coverageSchema":"1a1c01bbd47fc00a2c39e90264f33305004495a9","hash":"b51a6a876716c88ad45f4173087d03bda7e6c60f"}
,"C:\\Users\\gonca\\Desktop\\UpSkill\\12-Computacao_em_nuvem\\gestor-tickets-webhooks-main\\server-main\\src\\services\\ticketsStatsService.js": {"path":"C:\\Users\\gonca\\Desktop\\UpSkill\\12-Computacao_em_nuvem\\gestor-tickets-webhooks-main\\server-main\\src\\services\\ticketsStatsService.js","statementMap":{"0":{"start":{"line":7,"column":39},"end":{"line":10,"column":1}},"1":{"start":{"line":8,"column":15},"end":{"line":8,"column":39}},"2":{"start":{"line":9,"column":2},"end":{"line":9,"column":14}},"3":{"start":{"line":12,"column":41},"end":{"line":15,"column":1}},"4":{"start":{"line":13,"column":15},"end":{"line":13,"column":41}},"5":{"start":{"line":14,"column":2},"end":{"line":14,"column":14}},"6":{"start":{"line":17,"column":38},"end":{"line":20,"column":1}},"7":{"start":{"line":18,"column":15},"end":{"line":18,"column":38}},"8":{"start":{"line":19,"column":2},"end":{"line":19,"column":14}}},"fnMap":{"0":{"name":"(anonymous_0)","decl":{"start":{"line":7,"column":39},"end":{"line":7,"column":40}},"loc":{"start":{"line":7,"column":51},"end":{"line":10,"column":1}},"line":7},"1":{"name":"(anonymous_1)","decl":{"start":{"line":12,"column":41},"end":{"line":12,"column":42}},"loc":{"start":{"line":12,"column":53},"end":{"line":15,"column":1}},"line":12},"2":{"name":"(anonymous_2)","decl":{"start":{"line":17,"column":38},"end":{"line":17,"column":39}},"loc":{"start":{"line":17,"column":50},"end":{"line":20,"column":1}},"line":17}},"branchMap":{},"s":{"0":1,"1":0,"2":0,"3":1,"4":0,"5":0,"6":1,"7":0,"8":0},"f":{"0":0,"1":0,"2":0},"b":{},"inputSourceMap":null,"_coverageSchema":"1a1c01bbd47fc00a2c39e90264f33305004495a9","hash":"d91c843b1336f8028b098efed073eb57b000d087"}
,"C:\\Users\\gonca\\Desktop\\UpSkill\\12-Computacao_em_nuvem\\gestor-tickets-webhooks-main\\server-main\\src\\services\\webhooksService.js": {"path":"C:\\Users\\gonca\\Desktop\\UpSkill\\12-Computacao_em_nuvem\\gestor-tickets-webhooks-main\\server-main\\src\\services\\webhooksService.js","statementMap":{"0":{"start":{"line":3,"column":23},"end":{"line":7,"column":2}},"1":{"start":{"line":9,"column":36},"end":{"line":31,"column":1}},"2":{"start":{"line":10,"column":14},"end":{"line":10,"column":38}},"3":{"start":{"line":11,"column":16},"end":{"line":11,"column":42}},"4":{"start":{"line":13,"column":2},"end":{"line":15,"column":3}},"5":{"start":{"line":14,"column":4},"end":{"line":14,"column":77}},"6":{"start":{"line":17,"column":2},"end":{"line":19,"column":3}},"7":{"start":{"line":18,"column":4},"end":{"line":18,"column":108}},"8":{"start":{"line":22,"column":2},"end":{"line":26,"column":3}},"9":{"start":{"line":23,"column":4},"end":{"line":23,"column":17}},"10":{"start":{"line":25,"column":4},"end":{"line":25,"column":69}},"11":{"start":{"line":28,"column":13},"end":{"line":28,"column":48}},"12":{"start":{"line":30,"column":2},"end":{"line":30,"column":38}},"13":{"start":{"line":33,"column":35},"end":{"line":36,"column":1}},"14":{"start":{"line":34,"column":16},"end":{"line":34,"column":36}},"15":{"start":{"line":35,"column":2},"end":{"line":35,"column":15}}},"fnMap":{"0":{"name":"(anonymous_0)","decl":{"start":{"line":9,"column":36},"end":{"line":9,"column":37}},"loc":{"start":{"line":9,"column":52},"end":{"line":31,"column":1}},"line":9},"1":{"name":"(anonymous_1)","decl":{"start":{"line":33,"column":35},"end":{"line":33,"column":36}},"loc":{"start":{"line":33,"column":47},"end":{"line":36,"column":1}},"line":33}},"branchMap":{"0":{"loc":{"start":{"line":10,"column":15},"end":{"line":10,"column":30}},"type":"binary-expr","locations":[{"start":{"line":10,"column":15},"end":{"line":10,"column":24}},{"start":{"line":10,"column":28},"end":{"line":10,"column":30}}],"line":10},"1":{"loc":{"start":{"line":11,"column":17},"end":{"line":11,"column":34}},"type":"binary-expr","locations":[{"start":{"line":11,"column":17},"end":{"line":11,"column":28}},{"start":{"line":11,"column":32},"end":{"line":11,"column":34}}],"line":11},"2":{"loc":{"start":{"line":13,"column":2},"end":{"line":15,"column":3}},"type":"if","locations":[{"start":{"line":13,"column":2},"end":{"line":15,"column":3}},{"start":{},"end":{}}],"line":13},"3":{"loc":{"start":{"line":13,"column":6},"end":{"line":13,"column":20}},"type":"binary-expr","locations":[{"start":{"line":13,"column":6},"end":{"line":13,"column":10}},{"start":{"line":13,"column":14},"end":{"line":13,"column":20}}],"line":13},"4":{"loc":{"start":{"line":17,"column":2},"end":{"line":19,"column":3}},"type":"if","locations":[{"start":{"line":17,"column":2},"end":{"line":19,"column":3}},{"start":{},"end":{}}],"line":17}},"s":{"0":1,"1":1,"2":0,"3":0,"4":0,"5":0,"6":0,"7":0,"8":0,"9":0,"10":0,"11":0,"12":0,"13":1,"14":0,"15":0},"f":{"0":0,"1":0},"b":{"0":[0,0],"1":[0,0],"2":[0,0],"3":[0,0],"4":[0,0]},"inputSourceMap":null,"_coverageSchema":"1a1c01bbd47fc00a2c39e90264f33305004495a9","hash":"1dd7fd72737a8e3f30c85992814744dc117e102a"}
}
