TN:
SF:src\app.export.js
FNF:0
FNH:0
DA:12,1
DA:14,1
DA:16,1
DA:22,1
DA:23,1
DA:24,1
LF:6
LH:6
BRF:0
BRH:0
end_of_record
TN:
SF:src\__tests__\helpers\dbHelper.js
FN:9,(anonymous_0)
FN:10,(anonymous_1)
FN:11,(anonymous_2)
FN:20,(anonymous_3)
FN:43,(anonymous_4)
FNF:5
FNH:5
FNDA:2,(anonymous_0)
FNDA:2,(anonymous_1)
FNDA:2,(anonymous_2)
FNDA:2,(anonymous_3)
FNDA:30,(anonymous_4)
DA:9,2
DA:10,2
DA:11,2
DA:12,2
DA:13,2
DA:20,2
DA:21,2
DA:37,2
DA:43,2
DA:44,30
LF:10
LH:10
BRDA:12,0,0,0
BRDA:12,0,1,2
BRF:2
BRH:1
end_of_record
TN:
SF:src\controllers\healthController.js
FN:1,(anonymous_0)
FNF:1
FNH:1
FNDA:1,(anonymous_0)
DA:1,1
DA:2,1
DA:3,1
DA:11,1
DA:13,0
DA:15,0
LF:6
LH:4
BRDA:5,0,0,1
BRDA:5,0,1,0
BRF:2
BRH:1
end_of_record
TN:
SF:src\controllers\ticketsController.js
FN:22,(anonymous_0)
FN:45,(anonymous_1)
FN:58,(anonymous_2)
FN:83,(anonymous_3)
FN:124,(anonymous_4)
FN:154,(anonymous_5)
FN:167,(anonymous_6)
FN:180,(anonymous_7)
FNF:8
FNH:5
FNDA:15,(anonymous_0)
FNDA:6,(anonymous_1)
FNDA:6,(anonymous_2)
FNDA:6,(anonymous_3)
FNDA:5,(anonymous_4)
FNDA:0,(anonymous_5)
FNDA:0,(anonymous_6)
FNDA:0,(anonymous_7)
DA:22,2
DA:23,15
DA:24,15
DA:26,15
DA:27,1
DA:30,14
DA:33,13
DA:35,13
DA:37,1
DA:38,1
DA:45,2
DA:46,6
DA:47,6
DA:48,5
DA:50,1
DA:51,1
DA:58,2
DA:59,6
DA:60,6
DA:62,6
DA:63,2
DA:66,4
DA:68,4
DA:69,2
DA:72,2
DA:74,0
DA:75,0
DA:83,2
DA:84,6
DA:85,6
DA:87,6
DA:88,2
DA:91,4
DA:93,4
DA:94,0
DA:97,4
DA:99,4
DA:100,2
DA:103,2
DA:106,2
DA:113,2
DA:115,0
DA:116,0
DA:124,2
DA:125,5
DA:126,5
DA:128,5
DA:129,0
DA:132,5
DA:134,5
DA:135,2
DA:139,3
DA:141,3
DA:146,0
DA:147,0
DA:154,2
DA:155,0
DA:156,0
DA:157,0
DA:159,0
DA:160,0
DA:167,2
DA:168,0
DA:169,0
DA:170,0
DA:172,0
DA:173,0
DA:180,2
DA:181,0
DA:182,0
DA:183,0
DA:185,0
DA:186,0
LF:73
LH:50
BRDA:26,0,0,1
BRDA:26,0,1,14
BRDA:26,1,0,15
BRDA:26,1,1,14
BRDA:62,2,0,2
BRDA:62,2,1,4
BRDA:62,3,0,6
BRDA:62,3,1,4
BRDA:68,4,0,2
BRDA:68,4,1,2
BRDA:87,5,0,2
BRDA:87,5,1,4
BRDA:87,6,0,6
BRDA:87,6,1,6
BRDA:93,7,0,0
BRDA:93,7,1,4
BRDA:93,8,0,4
BRDA:93,8,1,4
BRDA:99,9,0,2
BRDA:99,9,1,2
BRDA:128,10,0,0
BRDA:128,10,1,5
BRDA:128,11,0,5
BRDA:128,11,1,5
BRDA:134,12,0,2
BRDA:134,12,1,3
BRF:26
BRH:24
end_of_record
TN:
SF:src\controllers\webhooksController.js
FN:3,(anonymous_0)
FN:19,(anonymous_1)
FNF:2
FNH:0
FNDA:0,(anonymous_0)
FNDA:0,(anonymous_1)
DA:3,1
DA:4,0
DA:5,0
DA:7,0
DA:8,0
DA:12,0
DA:14,0
DA:15,0
DA:19,1
DA:20,0
DA:21,0
DA:22,0
DA:24,0
DA:25,0
LF:14
LH:2
BRDA:7,0,0,0
BRDA:7,0,1,0
BRF:2
BRH:0
end_of_record
TN:
SF:src\db\sqliteAsync.js
FN:2,dbGet
FN:3,(anonymous_1)
FN:4,(anonymous_2)
FN:11,dbAll
FN:12,(anonymous_4)
FN:13,(anonymous_5)
FN:20,dbRun
FN:21,(anonymous_7)
FN:22,(anonymous_8)
FN:29,dbExec
FN:30,(anonymous_10)
FN:31,(anonymous_11)
FNF:12
FNH:12
FNDA:65,dbGet
FNDA:65,(anonymous_1)
FNDA:65,(anonymous_2)
FNDA:10,dbAll
FNDA:10,(anonymous_4)
FNDA:10,(anonymous_5)
FNDA:39,dbRun
FNDA:39,(anonymous_7)
FNDA:39,(anonymous_8)
FNDA:32,dbExec
FNDA:32,(anonymous_10)
FNDA:32,(anonymous_11)
DA:3,65
DA:4,65
DA:5,65
DA:6,65
DA:12,10
DA:13,10
DA:14,10
DA:15,10
DA:21,39
DA:22,39
DA:23,39
DA:24,39
DA:30,32
DA:31,32
DA:32,32
DA:33,32
LF:16
LH:16
BRDA:2,0,0,0
BRDA:5,1,0,0
BRDA:5,1,1,65
BRDA:11,2,0,0
BRDA:14,3,0,0
BRDA:14,3,1,10
BRDA:20,4,0,0
BRDA:23,5,0,0
BRDA:23,5,1,39
BRDA:32,6,0,0
BRDA:32,6,1,32
BRF:11
BRH:4
end_of_record
TN:
SF:src\repositories\ticketsRepository.js
FN:14,insertTicket
FN:48,createTicket
FN:80,getTicketById
FN:92,updateTicket
FN:131,archiveTicket
FN:142,listTickets
FN:159,countTickets
FNF:7
FNH:6
FNDA:0,insertTicket
FNDA:32,createTicket
FNDA:57,getTicketById
FNDA:5,updateTicket
FNDA:6,archiveTicket
FNDA:11,listTickets
FNDA:12,countTickets
DA:15,0
DA:16,0
DA:18,0
DA:27,0
DA:40,0
DA:41,0
DA:49,32
DA:59,32
DA:72,32
DA:73,32
DA:81,57
DA:82,57
DA:84,57
DA:85,50
DA:93,5
DA:109,5
DA:123,5
DA:124,5
DA:132,6
DA:133,6
DA:135,6
DA:143,11
DA:151,11
DA:152,11
DA:160,12
DA:166,12
DA:169,12
DA:171,11
LF:28
LH:22
BRDA:15,0,0,0
BRDA:15,0,1,0
BRDA:16,1,0,0
BRDA:16,1,1,0
BRDA:60,2,0,32
BRDA:60,2,1,0
BRDA:61,3,0,32
BRDA:61,3,1,31
BRDA:62,4,0,32
BRDA:62,4,1,32
BRDA:63,5,0,32
BRDA:63,5,1,1
BRDA:64,6,0,32
BRDA:64,6,1,32
BRDA:65,7,0,32
BRDA:65,7,1,32
BRDA:66,8,0,32
BRDA:66,8,1,28
BRDA:67,9,0,32
BRDA:67,9,1,32
BRDA:68,10,0,32
BRDA:68,10,1,32
BRDA:69,11,0,32
BRDA:69,11,1,32
BRDA:84,12,0,7
BRDA:84,12,1,50
BRDA:169,13,0,1
BRDA:169,13,1,11
BRDA:169,14,0,12
BRDA:169,14,1,11
BRDA:169,14,2,11
BRF:31
BRH:26
end_of_record
TN:
SF:src\repositories\ticketsStatsRepository.js
FN:9,getStatsByStatus
FN:25,getStatsByPriority
FN:41,getStatsByCiCat
FNF:3
FNH:0
FNDA:0,getStatsByStatus
FNDA:0,getStatsByPriority
FNDA:0,getStatsByCiCat
DA:10,0
DA:18,0
DA:19,0
DA:26,0
DA:34,0
DA:35,0
DA:42,0
DA:50,0
DA:51,0
LF:9
LH:0
BRF:0
BRH:0
end_of_record
TN:
SF:src\repositories\webhooksRepository.js
FN:13,createWebhook
FN:31,listWebhooks
FN:45,listActiveWebhooksByEvent
FNF:3
FNH:0
FNDA:0,createWebhook
FNDA:0,listWebhooks
FNDA:0,listActiveWebhooksByEvent
DA:14,0
DA:19,0
DA:23,0
DA:25,0
DA:32,0
DA:38,0
DA:39,0
DA:46,0
DA:53,0
DA:54,0
LF:10
LH:0
BRDA:23,0,0,0
BRDA:23,0,1,0
BRDA:23,1,0,0
BRDA:23,1,1,0
BRDA:25,2,0,0
BRDA:25,2,1,0
BRF:6
BRH:0
end_of_record
TN:
SF:src\routes\healthRoutes.js
FNF:0
FNH:0
DA:4,1
DA:5,1
LF:2
LH:2
BRF:0
BRH:0
end_of_record
TN:
SF:src\routes\ticketsRoutes.js
FNF:0
FNH:0
DA:13,1
DA:16,1
DA:17,1
DA:18,1
DA:19,1
DA:20,1
DA:21,1
DA:22,1
DA:25,1
LF:9
LH:9
BRF:0
BRH:0
end_of_record
TN:
SF:src\routes\webhooksRoutes.js
FNF:0
FNH:0
DA:4,1
DA:6,1
DA:7,1
LF:3
LH:3
BRF:0
BRH:0
end_of_record
TN:
SF:src\services\ticketsService.js
FN:14,(anonymous_0)
FN:24,(anonymous_1)
FN:55,(anonymous_2)
FN:63,(anonymous_3)
FN:90,(anonymous_4)
FN:110,(anonymous_5)
FNF:6
FNH:6
FNDA:32,(anonymous_0)
FNDA:14,(anonymous_1)
FNDA:6,(anonymous_2)
FNDA:8,(anonymous_3)
FNDA:39,(anonymous_4)
FNDA:9,(anonymous_5)
DA:14,3
DA:15,32
DA:16,32
DA:24,3
DA:25,14
DA:26,14
DA:29,14
DA:31,14
DA:32,14
DA:35,14
DA:36,14
DA:37,14
DA:38,14
DA:41,14
DA:44,14
DA:46,14
DA:47,14
DA:49,14
DA:55,3
DA:56,6
DA:63,3
DA:64,8
DA:65,8
DA:67,5
DA:82,5
DA:83,5
DA:85,4
DA:86,4
DA:89,4
DA:90,4
DA:92,39
DA:93,39
DA:95,39
DA:96,3
DA:100,4
DA:110,3
DA:111,9
DA:112,9
DA:114,6
DA:115,6
DA:117,6
LF:41
LH:41
BRDA:25,0,0,4
BRDA:25,0,1,10
BRDA:26,1,0,4
BRDA:26,1,1,10
BRDA:29,2,0,1
BRDA:29,2,1,13
BRDA:35,3,0,3
BRDA:35,3,1,11
BRDA:36,4,0,1
BRDA:36,4,1,13
BRDA:37,5,0,0
BRDA:37,5,1,14
BRDA:38,6,0,0
BRDA:38,6,1,14
BRDA:41,7,0,0
BRDA:41,7,1,14
BRDA:65,8,0,3
BRDA:65,8,1,5
BRDA:68,9,0,0
BRDA:68,9,1,5
BRDA:69,10,0,0
BRDA:69,10,1,5
BRDA:70,11,0,0
BRDA:70,11,1,5
BRDA:72,12,0,5
BRDA:72,12,1,0
BRDA:73,13,0,0
BRDA:73,13,1,5
BRDA:74,14,0,0
BRDA:74,14,1,5
BRDA:75,15,0,0
BRDA:75,15,1,5
BRDA:77,16,0,0
BRDA:77,16,1,5
BRDA:78,17,0,0
BRDA:78,17,1,5
BRDA:79,18,0,0
BRDA:79,18,1,5
BRDA:83,19,0,1
BRDA:83,19,1,4
BRDA:86,20,0,0
BRDA:86,20,1,4
BRDA:95,21,0,3
BRDA:95,21,1,36
BRDA:112,22,0,3
BRDA:112,22,1,6
BRDA:115,23,0,0
BRDA:115,23,1,6
BRF:48
BRH:33
end_of_record
TN:
SF:src\services\ticketsStatsService.js
FN:7,(anonymous_0)
FN:12,(anonymous_1)
FN:17,(anonymous_2)
FNF:3
FNH:0
FNDA:0,(anonymous_0)
FNDA:0,(anonymous_1)
FNDA:0,(anonymous_2)
DA:7,1
DA:8,0
DA:9,0
DA:12,1
DA:13,0
DA:14,0
DA:17,1
DA:18,0
DA:19,0
LF:9
LH:3
BRF:0
BRH:0
end_of_record
TN:
SF:src\services\webhooksService.js
FN:9,(anonymous_0)
FN:33,(anonymous_1)
FNF:2
FNH:0
FNDA:0,(anonymous_0)
FNDA:0,(anonymous_1)
DA:3,1
DA:9,1
DA:10,0
DA:11,0
DA:13,0
DA:14,0
DA:17,0
DA:18,0
DA:22,0
DA:23,0
DA:25,0
DA:28,0
DA:30,0
DA:33,1
DA:34,0
DA:35,0
LF:16
LH:3
BRDA:10,0,0,0
BRDA:10,0,1,0
BRDA:11,1,0,0
BRDA:11,1,1,0
BRDA:13,2,0,0
BRDA:13,2,1,0
BRDA:13,3,0,0
BRDA:13,3,1,0
BRDA:17,4,0,0
BRDA:17,4,1,0
BRF:10
BRH:0
end_of_record
