TN:
SF:src\controllers\ticketsController.js
FN:22,(anonymous_0)
FN:45,(anonymous_1)
FN:58,(anonymous_2)
FN:83,(anonymous_3)
FN:124,(anonymous_4)
FN:154,(anonymous_5)
FN:167,(anonymous_6)
FN:180,(anonymous_7)
FNF:8
FNH:5
FNDA:3,(anonymous_0)
FNDA:2,(anonymous_1)
FNDA:3,(anonymous_2)
FNDA:3,(anonymous_3)
FNDA:2,(anonymous_4)
FNDA:0,(anonymous_5)
FNDA:0,(anonymous_6)
FNDA:0,(anonymous_7)
DA:22,1
DA:23,3
DA:24,3
DA:26,3
DA:27,1
DA:30,2
DA:33,1
DA:35,1
DA:37,1
DA:38,1
DA:45,1
DA:46,2
DA:47,2
DA:48,1
DA:50,1
DA:51,1
DA:58,1
DA:59,3
DA:60,3
DA:62,3
DA:63,1
DA:66,2
DA:68,2
DA:69,1
DA:72,1
DA:74,0
DA:75,0
DA:83,1
DA:84,3
DA:85,3
DA:87,3
DA:88,1
DA:91,2
DA:93,2
DA:94,0
DA:97,2
DA:99,2
DA:100,1
DA:103,1
DA:106,1
DA:113,1
DA:115,0
DA:116,0
DA:124,1
DA:125,2
DA:126,2
DA:128,2
DA:129,0
DA:132,2
DA:134,2
DA:135,1
DA:139,1
DA:141,1
DA:146,0
DA:147,0
DA:154,1
DA:155,0
DA:156,0
DA:157,0
DA:159,0
DA:160,0
DA:167,1
DA:168,0
DA:169,0
DA:170,0
DA:172,0
DA:173,0
DA:180,1
DA:181,0
DA:182,0
DA:183,0
DA:185,0
DA:186,0
LF:73
LH:50
BRDA:26,0,0,1
BRDA:26,0,1,2
BRDA:26,1,0,3
BRDA:26,1,1,2
BRDA:62,2,0,1
BRDA:62,2,1,2
BRDA:62,3,0,3
BRDA:62,3,1,2
BRDA:68,4,0,1
BRDA:68,4,1,1
BRDA:87,5,0,1
BRDA:87,5,1,2
BRDA:87,6,0,3
BRDA:87,6,1,3
BRDA:93,7,0,0
BRDA:93,7,1,2
BRDA:93,8,0,2
BRDA:93,8,1,2
BRDA:99,9,0,1
BRDA:99,9,1,1
BRDA:128,10,0,0
BRDA:128,10,1,2
BRDA:128,11,0,2
BRDA:128,11,1,2
BRDA:134,12,0,1
BRDA:134,12,1,1
BRF:26
BRH:24
end_of_record
TN:
SF:src\repositories\ticketsRepository.js
FN:14,insertTicket
FN:48,createTicket
FN:80,getTicketById
FN:92,updateTicket
FN:131,archiveTicket
FN:142,listTickets
FN:159,countTickets
FNF:7
FNH:6
FNDA:0,insertTicket
FNDA:1,createTicket
FNDA:2,getTicketById
FNDA:2,updateTicket
FNDA:1,archiveTicket
FNDA:1,listTickets
FNDA:2,countTickets
DA:15,0
DA:16,0
DA:18,0
DA:27,0
DA:40,0
DA:41,0
DA:49,1
DA:59,1
DA:72,1
DA:73,1
DA:81,2
DA:82,2
DA:84,2
DA:85,1
DA:93,2
DA:109,2
DA:123,2
DA:124,2
DA:132,1
DA:133,1
DA:135,1
DA:143,1
DA:151,1
DA:152,1
DA:160,2
DA:166,2
DA:169,2
DA:171,1
LF:28
LH:22
BRDA:15,0,0,0
BRDA:15,0,1,0
BRDA:16,1,0,0
BRDA:16,1,1,0
BRDA:60,2,0,1
BRDA:60,2,1,0
BRDA:61,3,0,1
BRDA:61,3,1,1
BRDA:62,4,0,1
BRDA:62,4,1,1
BRDA:63,5,0,1
BRDA:63,5,1,0
BRDA:64,6,0,1
BRDA:64,6,1,1
BRDA:65,7,0,1
BRDA:65,7,1,1
BRDA:66,8,0,1
BRDA:66,8,1,1
BRDA:67,9,0,1
BRDA:67,9,1,1
BRDA:68,10,0,1
BRDA:68,10,1,1
BRDA:69,11,0,1
BRDA:69,11,1,1
BRDA:84,12,0,1
BRDA:84,12,1,1
BRDA:169,13,0,1
BRDA:169,13,1,1
BRDA:169,14,0,2
BRDA:169,14,1,1
BRDA:169,14,2,1
BRF:31
BRH:25
end_of_record
TN:
SF:src\services\ticketsService.js
FN:14,(anonymous_0)
FN:24,(anonymous_1)
FN:55,(anonymous_2)
FN:63,(anonymous_3)
FN:90,(anonymous_4)
FN:110,(anonymous_5)
FNF:6
FNH:6
FNDA:1,(anonymous_0)
FNDA:4,(anonymous_1)
FNDA:2,(anonymous_2)
FNDA:3,(anonymous_3)
FNDA:3,(anonymous_4)
FNDA:2,(anonymous_5)
DA:14,1
DA:15,1
DA:16,1
DA:24,1
DA:25,4
DA:26,4
DA:29,4
DA:31,4
DA:32,4
DA:35,4
DA:36,4
DA:37,4
DA:38,4
DA:41,4
DA:44,4
DA:46,4
DA:47,4
DA:49,4
DA:55,1
DA:56,2
DA:63,1
DA:64,3
DA:65,3
DA:67,2
DA:82,2
DA:83,2
DA:85,1
DA:86,1
DA:89,1
DA:90,1
DA:92,3
DA:93,3
DA:95,3
DA:96,1
DA:100,1
DA:110,1
DA:111,2
DA:112,2
DA:114,1
DA:115,1
DA:117,1
LF:41
LH:41
BRDA:25,0,0,1
BRDA:25,0,1,3
BRDA:26,1,0,1
BRDA:26,1,1,3
BRDA:29,2,0,1
BRDA:29,2,1,3
BRDA:35,3,0,1
BRDA:35,3,1,3
BRDA:36,4,0,0
BRDA:36,4,1,4
BRDA:37,5,0,0
BRDA:37,5,1,4
BRDA:38,6,0,0
BRDA:38,6,1,4
BRDA:41,7,0,0
BRDA:41,7,1,4
BRDA:65,8,0,1
BRDA:65,8,1,2
BRDA:68,9,0,0
BRDA:68,9,1,2
BRDA:69,10,0,0
BRDA:69,10,1,2
BRDA:70,11,0,0
BRDA:70,11,1,2
BRDA:72,12,0,2
BRDA:72,12,1,0
BRDA:73,13,0,0
BRDA:73,13,1,2
BRDA:74,14,0,0
BRDA:74,14,1,2
BRDA:75,15,0,0
BRDA:75,15,1,2
BRDA:77,16,0,0
BRDA:77,16,1,2
BRDA:78,17,0,0
BRDA:78,17,1,2
BRDA:79,18,0,0
BRDA:79,18,1,2
BRDA:83,19,0,1
BRDA:83,19,1,1
BRDA:86,20,0,0
BRDA:86,20,1,1
BRDA:95,21,0,1
BRDA:95,21,1,2
BRDA:112,22,0,1
BRDA:112,22,1,1
BRDA:115,23,0,0
BRDA:115,23,1,1
BRF:48
BRH:32
end_of_record
